number of compact  1 -arithmetic triples:  76
(2, 3, 7) 1

(2, 3, 8) 2

(2, 3, 9) 3

(2, 3, 10) 4

(2, 3, 11) 5

(2, 3, 12) 6

(2, 3, 14) 7

(2, 3, 16) 8

(2, 3, 18) 9

(2, 3, 24) 10

(2, 3, 30) 11

(2, 4, 5) 12

(2, 4, 6) 13

(2, 4, 7) 14

(2, 4, 8) 15

(2, 4, 10) 16

(2, 4, 12) 17

(2, 4, 18) 18

(2, 5, 5) 19

(2, 5, 6) 20

(2, 5, 8) 21

(2, 5, 10) 22

(2, 5, 20) 23

(2, 5, 30) 24

(2, 6, 6) 25

(2, 6, 8) 26

(2, 6, 12) 27

(2, 7, 7) 28

(2, 7, 14) 29

(2, 8, 8) 30

(2, 8, 16) 31

(2, 9, 18) 32

(2, 10, 10) 33

(2, 12, 12) 34

(2, 12, 24) 35

(2, 15, 30) 36

(2, 18, 18) 37

(3, 3, 4) 38

(3, 3, 5) 39

(3, 3, 6) 40

(3, 3, 7) 41

(3, 3, 8) 42

(3, 3, 9) 43

(3, 3, 12) 44

(3, 3, 15) 45

(3, 4, 4) 46

(3, 4, 6) 47

(3, 4, 12) 48

(3, 5, 5) 49

(3, 6, 6) 50

(3, 6, 18) 51

(3, 8, 8) 52

(3, 8, 24) 53

(3, 10, 30) 54

(3, 12, 12) 55

(4, 4, 4) 56

(4, 4, 5) 57

(4, 4, 6) 58

(4, 4, 9) 59

(4, 5, 5) 60

(4, 6, 6) 61

(4, 8, 8) 62

(4, 16, 16) 63

(5, 5, 5) 64

(5, 5, 10) 65

(5, 5, 15) 66

(5, 10, 10) 67

(6, 6, 6) 68

(6, 12, 12) 69

(6, 24, 24) 70

(7, 7, 7) 71

(8, 8, 8) 72

(9, 9, 9) 73

(9, 18, 18) 74

(12, 12, 12) 75

(15, 15, 15) 76

number of noncompact  1 -arithmetic triples:  9
(oo, oo, oo)

(2, oo, oo)

(2, 3, oo)

(2, 4, oo)

(2, 6, oo)

(3, oo, oo)

(3, 3, oo)

(4, 4, oo)

(6, 6, oo)

