number of compact  1 -arithmetic triples:  76
(2, 3, 7) 1

(2, 3, 8) 2

(2, 3, 9) 3

(2, 3, 10) 4

(2, 3, 11) 5

(2, 3, 12) 6

(2, 3, 14) 7

(2, 3, 16) 8

(2, 3, 18) 9

(2, 3, 24) 10

(2, 3, 30) 11

(2, 4, 5) 12

(2, 4, 6) 13

(2, 4, 7) 14

(2, 4, 8) 15

(2, 4, 10) 16

(2, 4, 12) 17

(2, 4, 18) 18

(2, 5, 5) 19

(2, 5, 6) 20

(2, 5, 8) 21

(2, 5, 10) 22

(2, 5, 20) 23

(2, 5, 30) 24

(2, 6, 6) 25

(2, 6, 8) 26

(2, 6, 12) 27

(2, 7, 7) 28

(2, 7, 14) 29

(2, 8, 8) 30

(2, 8, 16) 31

(2, 9, 18) 32

(2, 10, 10) 33

(2, 12, 12) 34

(2, 12, 24) 35

(2, 15, 30) 36

(2, 18, 18) 37

(3, 3, 4) 38

(3, 3, 5) 39

(3, 3, 6) 40

(3, 3, 7) 41

(3, 3, 8) 42

(3, 3, 9) 43

(3, 3, 12) 44

(3, 3, 15) 45

(3, 4, 4) 46

(3, 4, 6) 47

(3, 4, 12) 48

(3, 5, 5) 49

(3, 6, 6) 50

(3, 6, 18) 51

(3, 8, 8) 52

(3, 8, 24) 53

(3, 10, 30) 54

(3, 12, 12) 55

(4, 4, 4) 56

(4, 4, 5) 57

(4, 4, 6) 58

(4, 4, 9) 59

(4, 5, 5) 60

(4, 6, 6) 61

(4, 8, 8) 62

(4, 16, 16) 63

(5, 5, 5) 64

(5, 5, 10) 65

(5, 5, 15) 66

(5, 10, 10) 67

(6, 6, 6) 68

(6, 12, 12) 69

(6, 24, 24) 70

(7, 7, 7) 71

(8, 8, 8) 72

(9, 9, 9) 73

(9, 18, 18) 74

(12, 12, 12) 75

(15, 15, 15) 76

number of noncompact  1 -arithmetic triples:  9
(oo, oo, oo)

(2, oo, oo)

(2, 3, oo)

(2, 4, oo)

(2, 6, oo)

(3, oo, oo)

(3, 3, oo)

(4, 4, oo)

(6, 6, oo)

number of compact  2 -arithmetic triples:  148
(2, 3, 13) 1

(2, 3, 15) 2

(2, 3, 17) 3

(2, 3, 20) 4

(2, 3, 21) 5

(2, 3, 22) 6

(2, 3, 26) 7

(2, 3, 28) 8

(2, 3, 36) 9

(2, 3, 40) 10

(2, 3, 42) 11

(2, 3, 60) 12

(2, 4, 9) 13

(2, 4, 11) 14

(2, 4, 14) 15

(2, 4, 15) 16

(2, 4, 16) 17

(2, 4, 20) 18

(2, 4, 24) 19

(2, 4, 30) 20

(2, 4, 42) 21

(2, 5, 7) 22

(2, 5, 9) 23

(2, 5, 12) 24

(2, 5, 15) 25

(2, 5, 60) 26

(2, 6, 7) 27

(2, 6, 9) 28

(2, 6, 10) 29

(2, 6, 14) 30

(2, 6, 18) 31

(2, 6, 20) 32

(2, 6, 30) 33

(2, 7, 8) 34

(2, 7, 12) 35

(2, 7, 21) 36

(2, 7, 28) 37

(2, 8, 12) 38

(2, 8, 24) 39

(2, 9, 9) 40

(2, 9, 12) 41

(2, 9, 36) 42

(2, 10, 12) 43

(2, 10, 20) 44

(2, 10, 30) 45

(2, 11, 11) 46

(2, 11, 22) 47

(2, 13, 26) 48

(2, 14, 14) 49

(2, 14, 28) 50

(2, 15, 15) 51

(2, 16, 16) 52

(2, 18, 36) 53

(2, 20, 20) 54

(2, 20, 40) 55

(2, 21, 42) 56

(2, 24, 24) 57

(2, 30, 30) 58

(2, 30, 60) 59

(2, 42, 42) 60

(3, 3, 10) 61

(3, 3, 11) 62

(3, 3, 13) 63

(3, 3, 14) 64

(3, 3, 18) 65

(3, 3, 20) 66

(3, 3, 21) 67

(3, 3, 30) 68

(3, 4, 5) 69

(3, 4, 7) 70

(3, 4, 8) 71

(3, 4, 9) 72

(3, 4, 10) 73

(3, 4, 20) 74

(3, 4, 28) 75

(3, 4, 36) 76

(3, 5, 6) 77

(3, 5, 7) 78

(3, 5, 9) 79

(3, 5, 10) 80

(3, 5, 15) 81

(3, 7, 7) 82

(3, 7, 21) 83

(3, 9, 9) 84

(3, 10, 10) 85

(3, 12, 36) 86

(3, 14, 14) 87

(3, 14, 42) 88

(3, 18, 18) 89

(3, 20, 20) 90

(3, 20, 60) 91

(3, 30, 30) 92

(4, 4, 7) 93

(4, 4, 8) 94

(4, 4, 10) 95

(4, 4, 12) 96

(4, 4, 15) 97

(4, 4, 21) 98

(4, 5, 6) 99

(4, 5, 10) 100

(4, 5, 12) 101

(4, 6, 8) 102

(4, 6, 10) 103

(4, 6, 12) 104

(4, 7, 7) 105

(4, 8, 24) 106

(4, 10, 20) 107

(4, 12, 12) 108

(4, 24, 24) 109

(5, 5, 6) 110

(5, 5, 30) 111

(5, 6, 6) 112

(5, 6, 10) 113

(5, 8, 40) 114

(5, 12, 12) 115

(5, 20, 20) 116

(5, 30, 30) 117

(6, 6, 7) 118

(6, 6, 9) 119

(6, 6, 10) 120

(6, 6, 15) 121

(6, 7, 7) 122

(6, 8, 8) 123

(6, 9, 9) 124

(6, 10, 10) 125

(7, 7, 14) 126

(7, 14, 14) 127

(7, 14, 42) 128

(7, 28, 28) 129

(8, 8, 12) 130

(8, 16, 16) 131

(9, 9, 18) 132

(9, 36, 36) 133

(10, 10, 10) 134

(10, 10, 15) 135

(10, 20, 20) 136

(10, 40, 40) 137

(11, 11, 11) 138

(12, 24, 24) 139

(13, 13, 13) 140

(14, 14, 14) 141

(15, 30, 30) 142

(15, 60, 60) 143

(18, 18, 18) 144

(20, 20, 20) 145

(21, 21, 21) 146

(21, 42, 42) 147

(30, 30, 30) 148

number of noncompact  2 -arithmetic triples:  16
(2, 5, oo)

(2, 8, oo)

(2, 10, oo)

(2, 12, oo)

(3, 4, oo)

(3, 5, oo)

(3, 6, oo)

(4, oo, oo)

(4, 6, oo)

(4, 12, oo)

(5, oo, oo)

(5, 5, oo)

(6, oo, oo)

(8, 8, oo)

(10, 10, oo)

(12, 12, oo)

number of compact  3 -arithmetic triples:  111
(2, 3, 19) 1

(2, 3, 23) 2

(2, 3, 27) 3

(2, 3, 32) 4

(2, 3, 34) 5

(2, 3, 38) 6

(2, 3, 48) 7

(2, 3, 50) 8

(2, 3, 54) 9

(2, 3, 66) 10

(2, 4, 13) 11

(2, 4, 22) 12

(2, 4, 26) 13

(2, 4, 28) 14

(2, 4, 36) 15

(2, 5, 14) 16

(2, 5, 16) 17

(2, 5, 18) 18

(2, 6, 11) 19

(2, 6, 15) 20

(2, 6, 16) 21

(2, 6, 24) 22

(2, 7, 9) 23

(2, 7, 10) 24

(2, 7, 42) 25

(2, 8, 9) 26

(2, 8, 10) 27

(2, 8, 18) 28

(2, 9, 10) 29

(2, 10, 15) 30

(2, 12, 36) 31

(2, 12, 48) 32

(2, 13, 13) 33

(2, 16, 32) 34

(2, 17, 34) 35

(2, 19, 38) 36

(2, 22, 22) 37

(2, 24, 48) 38

(2, 25, 50) 39

(2, 26, 26) 40

(2, 27, 54) 41

(2, 28, 28) 42

(2, 33, 66) 43

(2, 36, 36) 44

(3, 3, 16) 45

(3, 3, 17) 46

(3, 3, 19) 47

(3, 3, 24) 48

(3, 3, 25) 49

(3, 3, 27) 50

(3, 3, 33) 51

(3, 6, 8) 52

(3, 6, 10) 53

(3, 6, 12) 54

(3, 6, 30) 55

(3, 7, 9) 56

(3, 9, 18) 57

(3, 9, 27) 58

(3, 11, 11) 59

(3, 15, 15) 60

(3, 16, 16) 61

(3, 16, 48) 62

(3, 18, 54) 63

(3, 22, 66) 64

(3, 24, 24) 65

(4, 4, 11) 66

(4, 4, 13) 67

(4, 4, 14) 68

(4, 4, 18) 69

(4, 5, 20) 70

(4, 6, 36) 71

(4, 9, 9) 72

(4, 10, 10) 73

(4, 12, 18) 74

(4, 14, 28) 75

(4, 18, 18) 76

(5, 5, 7) 77

(5, 5, 8) 78

(5, 5, 9) 79

(5, 6, 30) 80

(5, 7, 7) 81

(5, 8, 8) 82

(5, 9, 9) 83

(5, 10, 30) 84

(5, 15, 15) 85

(6, 6, 8) 86

(6, 6, 12) 87

(6, 8, 24) 88

(6, 9, 18) 89

(6, 15, 30) 90

(6, 36, 36) 91

(6, 48, 48) 92

(7, 7, 21) 93

(8, 8, 9) 94

(8, 12, 24) 95

(8, 32, 32) 96

(10, 15, 30) 97

(11, 22, 22) 98

(12, 12, 18) 99

(12, 12, 24) 100

(12, 48, 48) 101

(13, 26, 26) 102

(14, 28, 28) 103

(16, 16, 16) 104

(17, 17, 17) 105

(18, 36, 36) 106

(19, 19, 19) 107

(24, 24, 24) 108

(25, 25, 25) 109

(27, 27, 27) 110

(33, 33, 33) 111

number of noncompact  3 -arithmetic triples:  13
(2, 7, oo)

(2, 9, oo)

(2, 14, oo)

(2, 18, oo)

(3, 7, oo)

(3, 9, oo)

(6, 18, oo)

(7, oo, oo)

(7, 7, oo)

(9, oo, oo)

(9, 9, oo)

(14, 14, oo)

(18, 18, oo)

number of compact  4 -arithmetic triples:  286
(2, 3, 25) 1

(2, 3, 29) 2

(2, 3, 33) 3

(2, 3, 35) 4

(2, 3, 39) 5

(2, 3, 44) 6

(2, 3, 45) 7

(2, 3, 46) 8

(2, 3, 52) 9

(2, 3, 56) 10

(2, 3, 70) 11

(2, 3, 72) 12

(2, 3, 78) 13

(2, 3, 84) 14

(2, 3, 90) 15

(2, 4, 17) 16

(2, 4, 19) 17

(2, 4, 21) 18

(2, 4, 27) 19

(2, 4, 32) 20

(2, 4, 34) 21

(2, 4, 40) 22

(2, 4, 48) 23

(2, 4, 60) 24

(2, 4, 66) 25

(2, 5, 11) 26

(2, 5, 13) 27

(2, 5, 22) 28

(2, 5, 24) 29

(2, 5, 25) 30

(2, 5, 28) 31

(2, 5, 36) 32

(2, 5, 40) 33

(2, 5, 42) 34

(2, 5, 45) 35

(2, 5, 50) 36

(2, 5, 90) 37

(2, 6, 13) 38

(2, 6, 21) 39

(2, 6, 22) 40

(2, 6, 26) 41

(2, 6, 28) 42

(2, 6, 36) 43

(2, 6, 42) 44

(2, 7, 18) 45

(2, 7, 30) 46

(2, 7, 35) 47

(2, 7, 70) 48

(2, 7, 84) 49

(2, 8, 14) 50

(2, 8, 15) 51

(2, 8, 20) 52

(2, 8, 30) 53

(2, 8, 32) 54

(2, 8, 40) 55

(2, 8, 48) 56

(2, 10, 14) 57

(2, 10, 18) 58

(2, 10, 24) 59

(2, 10, 60) 60

(2, 11, 12) 61

(2, 11, 33) 62

(2, 11, 44) 63

(2, 11, 66) 64

(2, 12, 14) 65

(2, 12, 15) 66

(2, 12, 16) 67

(2, 12, 18) 68

(2, 12, 20) 69

(2, 12, 30) 70

(2, 12, 60) 71

(2, 13, 78) 72

(2, 14, 21) 73

(2, 14, 42) 74

(2, 15, 20) 75

(2, 15, 60) 76

(2, 16, 24) 77

(2, 16, 48) 78

(2, 17, 17) 79

(2, 18, 54) 80

(2, 19, 19) 81

(2, 20, 30) 82

(2, 20, 60) 83

(2, 21, 21) 84

(2, 22, 44) 85

(2, 23, 46) 86

(2, 26, 52) 87

(2, 27, 27) 88

(2, 28, 56) 89

(2, 32, 32) 90

(2, 34, 34) 91

(2, 35, 70) 92

(2, 36, 72) 93

(2, 39, 78) 94

(2, 40, 40) 95

(2, 42, 84) 96

(2, 45, 90) 97

(2, 48, 48) 98

(2, 60, 60) 99

(2, 66, 66) 100

(3, 3, 22) 101

(3, 3, 23) 102

(3, 3, 26) 103

(3, 3, 28) 104

(3, 3, 35) 105

(3, 3, 36) 106

(3, 3, 39) 107

(3, 3, 42) 108

(3, 3, 45) 109

(3, 4, 11) 110

(3, 4, 14) 111

(3, 4, 15) 112

(3, 4, 16) 113

(3, 4, 18) 114

(3, 4, 24) 115

(3, 4, 30) 116

(3, 4, 60) 117

(3, 5, 8) 118

(3, 5, 11) 119

(3, 5, 12) 120

(3, 5, 13) 121

(3, 5, 20) 122

(3, 5, 25) 123

(3, 5, 30) 124

(3, 6, 7) 125

(3, 6, 9) 126

(3, 6, 14) 127

(3, 6, 42) 128

(3, 7, 14) 129

(3, 7, 42) 130

(3, 8, 10) 131

(3, 8, 12) 132

(3, 8, 16) 133

(3, 8, 40) 134

(3, 10, 12) 135

(3, 10, 15) 136

(3, 11, 22) 137

(3, 11, 33) 138

(3, 12, 60) 139

(3, 13, 13) 140

(3, 13, 39) 141

(3, 15, 30) 142

(3, 15, 45) 143

(3, 21, 21) 144

(3, 22, 22) 145

(3, 24, 72) 146

(3, 26, 26) 147

(3, 26, 78) 148

(3, 28, 28) 149

(3, 28, 84) 150

(3, 30, 90) 151

(3, 36, 36) 152

(3, 42, 42) 153

(4, 4, 16) 154

(4, 4, 17) 155

(4, 4, 20) 156

(4, 4, 24) 157

(4, 4, 30) 158

(4, 4, 33) 159

(4, 5, 8) 160

(4, 5, 15) 161

(4, 5, 30) 162

(4, 5, 60) 163

(4, 6, 7) 164

(4, 6, 9) 165

(4, 6, 14) 166

(4, 6, 18) 167

(4, 6, 60) 168

(4, 7, 12) 169

(4, 7, 14) 170

(4, 7, 28) 171

(4, 8, 40) 172

(4, 9, 12) 173

(4, 9, 18) 174

(4, 9, 36) 175

(4, 10, 15) 176

(4, 11, 44) 177

(4, 12, 30) 178

(4, 14, 14) 179

(4, 15, 15) 180

(4, 15, 20) 181

(4, 20, 20) 182

(4, 30, 30) 183

(4, 30, 60) 184

(4, 32, 32) 185

(4, 40, 40) 186

(4, 48, 48) 187

(5, 5, 11) 188

(5, 5, 12) 189

(5, 5, 14) 190

(5, 5, 18) 191

(5, 5, 20) 192

(5, 5, 21) 193

(5, 5, 25) 194

(5, 5, 45) 195

(5, 6, 15) 196

(5, 8, 10) 197

(5, 8, 24) 198

(5, 10, 15) 199

(5, 12, 20) 200

(5, 12, 60) 201

(5, 14, 14) 202

(5, 15, 30) 203

(5, 18, 18) 204

(5, 24, 24) 205

(5, 60, 60) 206

(6, 6, 11) 207

(6, 6, 13) 208

(6, 6, 14) 209

(6, 6, 18) 210

(6, 6, 21) 211

(6, 7, 14) 212

(6, 10, 15) 213

(6, 11, 11) 214

(6, 12, 60) 215

(6, 14, 14) 216

(6, 14, 21) 217

(6, 15, 15) 218

(6, 16, 16) 219

(6, 18, 18) 220

(6, 20, 20) 221

(6, 21, 42) 222

(6, 30, 30) 223

(6, 60, 60) 224

(7, 7, 9) 225

(7, 7, 15) 226

(7, 7, 35) 227

(7, 7, 42) 228

(7, 8, 8) 229

(7, 10, 10) 230

(7, 12, 12) 231

(7, 21, 21) 232

(7, 42, 42) 233

(8, 8, 10) 234

(8, 8, 15) 235

(8, 8, 16) 236

(8, 8, 20) 237

(8, 8, 24) 238

(8, 12, 12) 239

(8, 16, 48) 240

(8, 24, 24) 241

(8, 48, 48) 242

(9, 10, 10) 243

(9, 12, 12) 244

(9, 12, 36) 245

(9, 54, 54) 246

(10, 10, 12) 247

(10, 10, 30) 248

(10, 12, 12) 249

(10, 15, 15) 250

(10, 20, 60) 251

(10, 30, 30) 252

(10, 60, 60) 253

(11, 11, 22) 254

(11, 11, 33) 255

(11, 22, 66) 256

(11, 44, 44) 257

(12, 12, 15) 258

(12, 12, 30) 259

(12, 16, 16) 260

(13, 13, 39) 261

(13, 52, 52) 262

(14, 14, 21) 263

(14, 56, 56) 264

(15, 15, 30) 265

(15, 20, 20) 266

(16, 16, 24) 267

(16, 32, 32) 268

(17, 34, 34) 269

(18, 18, 27) 270

(18, 72, 72) 271

(20, 20, 30) 272

(20, 40, 40) 273

(21, 84, 84) 274

(22, 22, 22) 275

(23, 23, 23) 276

(24, 48, 48) 277

(26, 26, 26) 278

(28, 28, 28) 279

(30, 60, 60) 280

(33, 66, 66) 281

(35, 35, 35) 282

(36, 36, 36) 283

(39, 39, 39) 284

(42, 42, 42) 285

(45, 45, 45) 286

number of noncompact  4 -arithmetic triples:  31
(2, 15, oo)

(2, 16, oo)

(2, 20, oo)

(2, 24, oo)

(2, 30, oo)

(3, 8, oo)

(3, 10, oo)

(3, 12, oo)

(3, 15, oo)

(4, 5, oo)

(4, 8, oo)

(4, 10, oo)

(4, 20, oo)

(5, 6, oo)

(5, 10, oo)

(5, 15, oo)

(6, 8, oo)

(6, 10, oo)

(6, 12, oo)

(6, 30, oo)

(8, oo, oo)

(8, 24, oo)

(10, oo, oo)

(10, 30, oo)

(12, oo, oo)

(15, oo, oo)

(15, 15, oo)

(16, 16, oo)

(20, 20, oo)

(24, 24, oo)

(30, 30, oo)

number of compact  5 -arithmetic triples:  94
(2, 3, 31) 1

(2, 3, 58) 2

(2, 3, 62) 3

(2, 3, 64) 4

(2, 3, 96) 5

(2, 3, 102) 6

(2, 4, 23) 7

(2, 4, 25) 8

(2, 4, 38) 9

(2, 4, 44) 10

(2, 4, 50) 11

(2, 4, 54) 12

(2, 5, 26) 13

(2, 5, 70) 14

(2, 6, 17) 15

(2, 6, 32) 16

(2, 6, 48) 17

(2, 7, 11) 18

(2, 8, 11) 19

(2, 8, 13) 20

(2, 8, 22) 21

(2, 9, 14) 22

(2, 9, 16) 23

(2, 9, 27) 24

(2, 9, 54) 25

(2, 9, 72) 26

(2, 9, 90) 27

(2, 10, 16) 28

(2, 10, 40) 29

(2, 23, 23) 30

(2, 25, 25) 31

(2, 29, 58) 32

(2, 31, 62) 33

(2, 32, 64) 34

(2, 38, 38) 35

(2, 44, 44) 36

(2, 48, 96) 37

(2, 50, 50) 38

(2, 51, 102) 39

(2, 54, 54) 40

(3, 3, 29) 41

(3, 3, 31) 42

(3, 3, 32) 43

(3, 3, 48) 44

(3, 3, 51) 45

(3, 6, 16) 46

(3, 6, 24) 47

(3, 12, 24) 48

(3, 17, 17) 49

(3, 32, 32) 50

(3, 32, 96) 51

(3, 34, 102) 52

(3, 48, 48) 53

(4, 4, 19) 54

(4, 4, 22) 55

(4, 4, 25) 56

(4, 4, 27) 57

(4, 11, 11) 58

(4, 13, 13) 59

(4, 18, 36) 60

(4, 22, 22) 61

(5, 5, 13) 62

(5, 5, 35) 63

(5, 6, 18) 64

(5, 10, 20) 65

(5, 16, 16) 66

(5, 18, 30) 67

(5, 40, 40) 68

(6, 6, 16) 69

(6, 6, 24) 70

(6, 7, 42) 71

(6, 12, 36) 72

(6, 16, 48) 73

(7, 9, 9) 74

(8, 8, 11) 75

(8, 9, 9) 76

(8, 10, 10) 77

(9, 9, 27) 78

(9, 9, 36) 79

(9, 9, 45) 80

(10, 10, 20) 81

(12, 16, 48) 82

(12, 18, 36) 83

(16, 64, 64) 84

(19, 38, 38) 85

(22, 44, 44) 86

(24, 96, 96) 87

(25, 50, 50) 88

(27, 54, 54) 89

(29, 29, 29) 90

(31, 31, 31) 91

(32, 32, 32) 92

(48, 48, 48) 93

(51, 51, 51) 94

number of noncompact  5 -arithmetic triples:  6
(2, 11, oo)

(2, 22, oo)

(3, 11, oo)

(11, oo, oo)

(11, 11, oo)

(22, 22, oo)

number of compact  6 -arithmetic triples:  430
(2, 3, 37) 1

(2, 3, 41) 2

(2, 3, 51) 3

(2, 3, 57) 4

(2, 3, 63) 5

(2, 3, 68) 6

(2, 3, 74) 7

(2, 3, 75) 8

(2, 3, 76) 9

(2, 3, 80) 10

(2, 3, 88) 11

(2, 3, 100) 12

(2, 3, 108) 13

(2, 3, 110) 14

(2, 3, 114) 15

(2, 3, 120) 16

(2, 3, 126) 17

(2, 3, 132) 18

(2, 4, 33) 19

(2, 4, 35) 20

(2, 4, 39) 21

(2, 4, 45) 22

(2, 4, 46) 23

(2, 4, 52) 24

(2, 4, 56) 25

(2, 4, 70) 26

(2, 4, 72) 27

(2, 4, 78) 28

(2, 4, 84) 29

(2, 4, 90) 30

(2, 5, 17) 31

(2, 5, 19) 32

(2, 5, 21) 33

(2, 5, 35) 34

(2, 5, 48) 35

(2, 5, 120) 36

(2, 6, 19) 37

(2, 6, 27) 38

(2, 6, 34) 39

(2, 6, 38) 40

(2, 6, 40) 41

(2, 6, 44) 42

(2, 6, 50) 43

(2, 6, 54) 44

(2, 6, 60) 45

(2, 6, 66) 46

(2, 7, 13) 47

(2, 7, 15) 48

(2, 7, 16) 49

(2, 7, 20) 50

(2, 7, 24) 51

(2, 7, 56) 52

(2, 8, 21) 53

(2, 8, 28) 54

(2, 8, 36) 55

(2, 8, 42) 56

(2, 8, 56) 57

(2, 8, 72) 58

(2, 8, 80) 59

(2, 9, 15) 60

(2, 9, 20) 61

(2, 9, 24) 62

(2, 9, 30) 63

(2, 9, 45) 64

(2, 10, 11) 65

(2, 10, 22) 66

(2, 10, 25) 67

(2, 10, 42) 68

(2, 10, 50) 69

(2, 10, 70) 70

(2, 12, 13) 71

(2, 12, 21) 72

(2, 12, 22) 73

(2, 12, 26) 74

(2, 12, 28) 75

(2, 12, 42) 76

(2, 12, 72) 77

(2, 12, 84) 78

(2, 13, 39) 79

(2, 13, 52) 80

(2, 14, 16) 81

(2, 14, 18) 82

(2, 14, 20) 83

(2, 14, 24) 84

(2, 14, 30) 85

(2, 14, 56) 86

(2, 14, 84) 87

(2, 15, 18) 88

(2, 15, 45) 89

(2, 17, 68) 90

(2, 18, 20) 91

(2, 18, 24) 92

(2, 18, 27) 93

(2, 18, 30) 94

(2, 18, 45) 95

(2, 18, 72) 96

(2, 18, 90) 97

(2, 21, 28) 98

(2, 21, 84) 99

(2, 22, 33) 100

(2, 22, 66) 101

(2, 24, 32) 102

(2, 24, 72) 103

(2, 26, 78) 104

(2, 28, 42) 105

(2, 28, 84) 106

(2, 30, 40) 107

(2, 30, 90) 108

(2, 30, 120) 109

(2, 33, 33) 110

(2, 34, 68) 111

(2, 35, 35) 112

(2, 37, 74) 113

(2, 38, 76) 114

(2, 39, 39) 115

(2, 40, 80) 116

(2, 44, 88) 117

(2, 45, 45) 118

(2, 46, 46) 119

(2, 50, 100) 120

(2, 52, 52) 121

(2, 54, 108) 122

(2, 55, 110) 123

(2, 56, 56) 124

(2, 57, 114) 125

(2, 60, 120) 126

(2, 63, 126) 127

(2, 66, 132) 128

(2, 70, 70) 129

(2, 72, 72) 130

(2, 78, 78) 131

(2, 84, 84) 132

(2, 90, 90) 133

(3, 3, 34) 134

(3, 3, 37) 135

(3, 3, 38) 136

(3, 3, 40) 137

(3, 3, 44) 138

(3, 3, 50) 139

(3, 3, 54) 140

(3, 3, 55) 141

(3, 3, 57) 142

(3, 3, 60) 143

(3, 3, 63) 144

(3, 3, 66) 145

(3, 4, 13) 146

(3, 4, 21) 147

(3, 4, 22) 148

(3, 4, 26) 149

(3, 4, 42) 150

(3, 4, 44) 151

(3, 4, 52) 152

(3, 4, 84) 153

(3, 5, 14) 154

(3, 5, 18) 155

(3, 5, 21) 156

(3, 5, 35) 157

(3, 5, 40) 158

(3, 5, 45) 159

(3, 5, 60) 160

(3, 6, 11) 161

(3, 6, 15) 162

(3, 6, 20) 163

(3, 6, 66) 164

(3, 6, 90) 165

(3, 7, 8) 166

(3, 7, 10) 167

(3, 7, 12) 168

(3, 7, 15) 169

(3, 7, 28) 170

(3, 7, 35) 171

(3, 8, 9) 172

(3, 8, 14) 173

(3, 8, 18) 174

(3, 8, 56) 175

(3, 8, 72) 176

(3, 10, 18) 177

(3, 10, 20) 178

(3, 10, 90) 179

(3, 12, 18) 180

(3, 12, 20) 181

(3, 13, 26) 182

(3, 14, 21) 183

(3, 14, 70) 184

(3, 17, 51) 185

(3, 18, 90) 186

(3, 19, 19) 187

(3, 19, 57) 188

(3, 21, 42) 189

(3, 21, 63) 190

(3, 25, 75) 191

(3, 27, 27) 192

(3, 34, 34) 193

(3, 36, 108) 194

(3, 38, 38) 195

(3, 38, 114) 196

(3, 40, 40) 197

(3, 40, 120) 198

(3, 42, 126) 199

(3, 44, 44) 200

(3, 44, 132) 201

(3, 50, 50) 202

(3, 54, 54) 203

(3, 60, 60) 204

(3, 66, 66) 205

(4, 4, 23) 206

(4, 4, 26) 207

(4, 4, 28) 208

(4, 4, 35) 209

(4, 4, 36) 210

(4, 4, 39) 211

(4, 4, 42) 212

(4, 4, 45) 213

(4, 5, 7) 214

(4, 5, 9) 215

(4, 5, 14) 216

(4, 5, 18) 217

(4, 5, 28) 218

(4, 5, 36) 219

(4, 6, 11) 220

(4, 6, 15) 221

(4, 6, 16) 222

(4, 6, 20) 223

(4, 6, 22) 224

(4, 6, 24) 225

(4, 6, 30) 226

(4, 7, 8) 227

(4, 7, 20) 228

(4, 7, 21) 229

(4, 7, 42) 230

(4, 8, 10) 231

(4, 8, 12) 232

(4, 8, 16) 233

(4, 8, 72) 234

(4, 9, 20) 235

(4, 10, 12) 236

(4, 10, 30) 237

(4, 10, 60) 238

(4, 11, 12) 239

(4, 11, 22) 240

(4, 12, 15) 241

(4, 12, 24) 242

(4, 13, 52) 243

(4, 14, 42) 244

(4, 15, 30) 245

(4, 15, 60) 246

(4, 16, 48) 247

(4, 20, 30) 248

(4, 21, 21) 249

(4, 21, 84) 250

(4, 28, 28) 251

(4, 28, 42) 252

(4, 36, 36) 253

(4, 42, 42) 254

(4, 42, 84) 255

(4, 56, 56) 256

(4, 72, 72) 257

(4, 80, 80) 258

(5, 5, 24) 259

(5, 5, 60) 260

(5, 6, 8) 261

(5, 6, 12) 262

(5, 6, 20) 263

(5, 6, 90) 264

(5, 7, 10) 265

(5, 7, 14) 266

(5, 7, 15) 267

(5, 7, 35) 268

(5, 9, 10) 269

(5, 9, 15) 270

(5, 9, 18) 271

(5, 10, 12) 272

(5, 10, 50) 273

(5, 10, 70) 274

(5, 11, 11) 275

(5, 14, 42) 276

(5, 20, 60) 277

(5, 22, 22) 278

(5, 25, 25) 279

(5, 30, 90) 280

(5, 42, 42) 281

(5, 50, 50) 282

(5, 70, 70) 283

(6, 6, 17) 284

(6, 6, 19) 285

(6, 6, 20) 286

(6, 6, 22) 287

(6, 6, 25) 288

(6, 6, 27) 289

(6, 6, 30) 290

(6, 6, 33) 291

(6, 7, 18) 292

(6, 8, 10) 293

(6, 8, 12) 294

(6, 8, 16) 295

(6, 10, 12) 296

(6, 10, 20) 297

(6, 10, 30) 298

(6, 12, 20) 299

(6, 13, 13) 300

(6, 18, 27) 301

(6, 20, 60) 302

(6, 21, 21) 303

(6, 22, 22) 304

(6, 26, 26) 305

(6, 28, 28) 306

(6, 33, 66) 307

(6, 42, 42) 308

(6, 72, 72) 309

(6, 84, 84) 310

(7, 7, 8) 311

(7, 7, 10) 312

(7, 7, 12) 313

(7, 7, 28) 314

(7, 8, 14) 315

(7, 10, 30) 316

(7, 10, 70) 317

(7, 12, 14) 318

(7, 12, 28) 319

(7, 12, 84) 320

(7, 16, 16) 321

(7, 18, 18) 322

(7, 20, 20) 323

(7, 21, 42) 324

(7, 24, 24) 325

(7, 30, 30) 326

(7, 56, 56) 327

(7, 84, 84) 328

(8, 8, 14) 329

(8, 8, 18) 330

(8, 8, 21) 331

(8, 8, 28) 332

(8, 8, 36) 333

(8, 8, 40) 334

(8, 14, 14) 335

(8, 18, 24) 336

(8, 20, 40) 337

(9, 9, 10) 338

(9, 9, 12) 339

(9, 9, 15) 340

(9, 14, 14) 341

(9, 15, 15) 342

(9, 20, 20) 343

(9, 24, 24) 344

(9, 24, 72) 345

(9, 27, 27) 346

(9, 30, 30) 347

(9, 45, 45) 348

(9, 72, 72) 349

(9, 90, 90) 350

(10, 10, 11) 351

(10, 10, 21) 352

(10, 10, 25) 353

(10, 10, 35) 354

(10, 12, 20) 355

(10, 12, 60) 356

(10, 14, 14) 357

(10, 18, 18) 358

(11, 12, 12) 359

(11, 33, 33) 360

(11, 66, 66) 361

(12, 12, 13) 362

(12, 12, 14) 363

(12, 12, 21) 364

(12, 12, 36) 365

(12, 12, 42) 366

(12, 14, 14) 367

(12, 15, 20) 368

(12, 15, 60) 369

(12, 18, 18) 370

(12, 20, 30) 371

(12, 30, 60) 372

(12, 32, 32) 373

(12, 72, 72) 374

(13, 13, 26) 375

(13, 78, 78) 376

(14, 14, 15) 377

(14, 14, 28) 378

(14, 14, 42) 379

(14, 21, 21) 380

(14, 21, 42) 381

(14, 42, 42) 382

(14, 84, 84) 383

(15, 18, 18) 384

(15, 20, 60) 385

(15, 40, 40) 386

(15, 90, 90) 387

(15, 120, 120) 388

(16, 24, 24) 389

(17, 17, 34) 390

(17, 68, 68) 391

(18, 18, 36) 392

(18, 18, 45) 393

(19, 76, 76) 394

(20, 30, 30) 395

(20, 30, 60) 396

(20, 80, 80) 397

(21, 21, 42) 398

(21, 28, 28) 399

(22, 22, 33) 400

(22, 88, 88) 401

(23, 46, 46) 402

(24, 24, 36) 403

(25, 100, 100) 404

(26, 26, 39) 405

(26, 52, 52) 406

(27, 108, 108) 407

(28, 28, 42) 408

(28, 56, 56) 409

(30, 30, 45) 410

(30, 30, 60) 411

(30, 120, 120) 412

(33, 132, 132) 413

(34, 34, 34) 414

(35, 70, 70) 415

(36, 72, 72) 416

(37, 37, 37) 417

(38, 38, 38) 418

(39, 78, 78) 419

(40, 40, 40) 420

(42, 84, 84) 421

(44, 44, 44) 422

(45, 90, 90) 423

(50, 50, 50) 424

(54, 54, 54) 425

(55, 55, 55) 426

(57, 57, 57) 427

(60, 60, 60) 428

(63, 63, 63) 429

(66, 66, 66) 430

number of noncompact  6 -arithmetic triples:  37
(2, 13, oo)

(2, 21, oo)

(2, 26, oo)

(2, 28, oo)

(2, 36, oo)

(2, 42, oo)

(3, 13, oo)

(3, 14, oo)

(3, 18, oo)

(3, 21, oo)

(4, 7, oo)

(4, 9, oo)

(4, 14, oo)

(4, 18, oo)

(4, 28, oo)

(4, 36, oo)

(5, 7, oo)

(5, 9, oo)

(6, 7, oo)

(6, 9, oo)

(6, 14, oo)

(6, 42, oo)

(7, 14, oo)

(7, 21, oo)

(9, 18, oo)

(12, 36, oo)

(13, oo, oo)

(13, 13, oo)

(14, oo, oo)

(14, 42, oo)

(18, oo, oo)

(21, oo, oo)

(21, 21, oo)

(26, 26, oo)

(28, 28, oo)

(36, 36, oo)

(42, 42, oo)

number of compact  7 -arithmetic triples:  102
(2, 3, 43) 1

(2, 3, 47) 2

(2, 3, 49) 3

(2, 3, 82) 4

(2, 3, 86) 5

(2, 3, 98) 6

(2, 3, 138) 7

(2, 3, 150) 8

(2, 4, 29) 9

(2, 4, 31) 10

(2, 4, 58) 11

(2, 5, 32) 12

(2, 5, 34) 13

(2, 5, 54) 14

(2, 5, 80) 15

(2, 6, 23) 16

(2, 6, 25) 17

(2, 6, 33) 18

(2, 7, 22) 19

(2, 8, 26) 20

(2, 9, 11) 21

(2, 10, 13) 22

(2, 10, 35) 23

(2, 11, 18) 24

(2, 14, 35) 25

(2, 15, 90) 26

(2, 16, 18) 27

(2, 20, 80) 28

(2, 24, 96) 29

(2, 29, 29) 30

(2, 30, 45) 31

(2, 31, 31) 32

(2, 41, 82) 33

(2, 43, 86) 34

(2, 49, 98) 35

(2, 58, 58) 36

(2, 69, 138) 37

(2, 75, 150) 38

(3, 3, 41) 39

(3, 3, 43) 40

(3, 3, 49) 41

(3, 3, 69) 42

(3, 3, 75) 43

(3, 6, 22) 44

(3, 6, 54) 45

(3, 7, 11) 46

(3, 9, 36) 47

(3, 9, 45) 48

(3, 10, 50) 49

(3, 18, 36) 50

(3, 23, 23) 51

(3, 25, 25) 52

(3, 33, 33) 53

(3, 46, 138) 54

(3, 50, 150) 55

(4, 4, 29) 56

(4, 22, 44) 57

(4, 26, 26) 58

(5, 5, 16) 59

(5, 5, 17) 60

(5, 5, 27) 61

(5, 5, 40) 62

(5, 10, 90) 63

(5, 13, 13) 64

(5, 14, 70) 65

(5, 15, 45) 66

(5, 16, 80) 67

(5, 35, 35) 68

(6, 9, 54) 69

(6, 12, 24) 70

(6, 22, 33) 71

(6, 27, 54) 72

(7, 7, 11) 73

(7, 14, 70) 74

(7, 18, 42) 75

(7, 35, 35) 76

(8, 8, 13) 77

(8, 10, 40) 78

(8, 18, 18) 79

(9, 11, 11) 80

(9, 12, 18) 81

(9, 16, 16) 82

(9, 18, 30) 83

(9, 18, 54) 84

(10, 15, 18) 85

(10, 25, 50) 86

(10, 30, 45) 87

(10, 80, 80) 88

(12, 96, 96) 89

(15, 15, 45) 90

(15, 30, 90) 91

(15, 45, 45) 92

(16, 24, 48) 93

(18, 27, 54) 94

(20, 20, 40) 95

(24, 24, 48) 96

(29, 58, 58) 97

(41, 41, 41) 98

(43, 43, 43) 99

(49, 49, 49) 100

(69, 69, 69) 101

(75, 75, 75) 102

number of noncompact  7 -arithmetic triples:  0
number of compact  8 -arithmetic triples:  446
(2, 3, 53) 1

(2, 3, 55) 2

(2, 3, 65) 3

(2, 3, 69) 4

(2, 3, 92) 5

(2, 3, 94) 6

(2, 3, 104) 7

(2, 3, 105) 8

(2, 3, 112) 9

(2, 3, 130) 10

(2, 3, 140) 11

(2, 3, 144) 12

(2, 3, 156) 13

(2, 3, 168) 14

(2, 3, 180) 15

(2, 3, 210) 16

(2, 4, 51) 17

(2, 4, 62) 18

(2, 4, 63) 19

(2, 4, 64) 20

(2, 4, 68) 21

(2, 4, 80) 22

(2, 4, 96) 23

(2, 4, 102) 24

(2, 4, 114) 25

(2, 4, 120) 26

(2, 5, 23) 27

(2, 5, 27) 28

(2, 5, 33) 29

(2, 5, 38) 30

(2, 5, 44) 31

(2, 5, 55) 32

(2, 5, 66) 33

(2, 5, 75) 34

(2, 5, 100) 35

(2, 5, 110) 36

(2, 5, 150) 37

(2, 6, 35) 38

(2, 6, 39) 39

(2, 6, 45) 40

(2, 6, 46) 41

(2, 6, 52) 42

(2, 6, 56) 43

(2, 6, 70) 44

(2, 6, 72) 45

(2, 6, 78) 46

(2, 6, 84) 47

(2, 6, 90) 48

(2, 7, 36) 49

(2, 7, 63) 50

(2, 7, 126) 51

(2, 8, 17) 52

(2, 8, 34) 53

(2, 8, 60) 54

(2, 8, 64) 55

(2, 8, 96) 56

(2, 8, 120) 57

(2, 9, 13) 58

(2, 9, 22) 59

(2, 9, 28) 60

(2, 9, 42) 61

(2, 9, 63) 62

(2, 9, 126) 63

(2, 10, 21) 64

(2, 10, 26) 65

(2, 10, 28) 66

(2, 10, 36) 67

(2, 10, 45) 68

(2, 10, 90) 69

(2, 11, 14) 70

(2, 11, 20) 71

(2, 11, 30) 72

(2, 11, 88) 73

(2, 12, 17) 74

(2, 12, 19) 75

(2, 12, 32) 76

(2, 12, 34) 77

(2, 12, 40) 78

(2, 12, 54) 79

(2, 12, 120) 80

(2, 13, 18) 81

(2, 14, 15) 82

(2, 14, 70) 83

(2, 15, 16) 84

(2, 15, 24) 85

(2, 15, 40) 86

(2, 15, 120) 87

(2, 16, 20) 88

(2, 16, 30) 89

(2, 16, 40) 90

(2, 16, 64) 91

(2, 16, 80) 92

(2, 16, 96) 93

(2, 17, 51) 94

(2, 17, 102) 95

(2, 18, 22) 96

(2, 18, 42) 97

(2, 19, 57) 98

(2, 19, 76) 99

(2, 19, 114) 100

(2, 20, 24) 101

(2, 20, 120) 102

(2, 24, 30) 103

(2, 24, 36) 104

(2, 24, 40) 105

(2, 24, 60) 106

(2, 24, 120) 107

(2, 25, 30) 108

(2, 26, 39) 109

(2, 27, 36) 110

(2, 27, 108) 111

(2, 32, 96) 112

(2, 34, 102) 113

(2, 40, 120) 114

(2, 42, 126) 115

(2, 46, 92) 116

(2, 47, 94) 117

(2, 51, 51) 118

(2, 52, 104) 119

(2, 56, 112) 120

(2, 62, 62) 121

(2, 63, 63) 122

(2, 64, 64) 123

(2, 65, 130) 124

(2, 68, 68) 125

(2, 70, 140) 126

(2, 72, 144) 127

(2, 78, 156) 128

(2, 80, 80) 129

(2, 84, 168) 130

(2, 90, 180) 131

(2, 96, 96) 132

(2, 102, 102) 133

(2, 105, 210) 134

(2, 114, 114) 135

(2, 120, 120) 136

(3, 3, 46) 137

(3, 3, 47) 138

(3, 3, 52) 139

(3, 3, 56) 140

(3, 3, 65) 141

(3, 3, 70) 142

(3, 3, 72) 143

(3, 3, 78) 144

(3, 3, 84) 145

(3, 3, 90) 146

(3, 3, 105) 147

(3, 4, 17) 148

(3, 4, 19) 149

(3, 4, 32) 150

(3, 4, 34) 151

(3, 4, 40) 152

(3, 4, 48) 153

(3, 4, 54) 154

(3, 4, 68) 155

(3, 4, 108) 156

(3, 5, 16) 157

(3, 5, 17) 158

(3, 5, 19) 159

(3, 5, 24) 160

(3, 5, 27) 161

(3, 5, 75) 162

(3, 6, 13) 163

(3, 6, 21) 164

(3, 6, 26) 165

(3, 6, 28) 166

(3, 6, 36) 167

(3, 6, 78) 168

(3, 7, 13) 169

(3, 7, 18) 170

(3, 7, 63) 171

(3, 8, 20) 172

(3, 8, 30) 173

(3, 8, 32) 174

(3, 9, 10) 175

(3, 9, 12) 176

(3, 9, 15) 177

(3, 9, 54) 178

(3, 10, 14) 179

(3, 10, 70) 180

(3, 12, 14) 181

(3, 12, 28) 182

(3, 12, 84) 183

(3, 14, 28) 184

(3, 16, 24) 185

(3, 16, 80) 186

(3, 17, 34) 187

(3, 18, 27) 188

(3, 18, 30) 189

(3, 20, 30) 190

(3, 20, 40) 191

(3, 23, 69) 192

(3, 30, 60) 193

(3, 35, 35) 194

(3, 35, 105) 195

(3, 39, 39) 196

(3, 45, 45) 197

(3, 46, 46) 198

(3, 48, 144) 199

(3, 52, 52) 200

(3, 52, 156) 201

(3, 56, 56) 202

(3, 56, 168) 203

(3, 60, 180) 204

(3, 70, 70) 205

(3, 70, 210) 206

(3, 72, 72) 207

(3, 78, 78) 208

(3, 84, 84) 209

(3, 90, 90) 210

(4, 4, 31) 211

(4, 4, 32) 212

(4, 4, 34) 213

(4, 4, 40) 214

(4, 4, 48) 215

(4, 4, 51) 216

(4, 4, 57) 217

(4, 4, 60) 218

(4, 5, 16) 219

(4, 6, 13) 220

(4, 6, 21) 221

(4, 6, 26) 222

(4, 6, 28) 223

(4, 6, 42) 224

(4, 6, 84) 225

(4, 7, 10) 226

(4, 7, 84) 227

(4, 8, 9) 228

(4, 8, 14) 229

(4, 8, 18) 230

(4, 8, 56) 231

(4, 9, 10) 232

(4, 9, 108) 233

(4, 10, 14) 234

(4, 10, 18) 235

(4, 12, 13) 236

(4, 12, 14) 237

(4, 12, 21) 238

(4, 12, 36) 239

(4, 13, 26) 240

(4, 17, 17) 241

(4, 21, 28) 242

(4, 21, 42) 243

(4, 24, 72) 244

(4, 26, 52) 245

(4, 34, 34) 246

(4, 40, 120) 247

(4, 60, 60) 248

(4, 64, 64) 249

(4, 96, 96) 250

(4, 120, 120) 251

(5, 5, 19) 252

(5, 5, 22) 253

(5, 5, 33) 254

(5, 5, 50) 255

(5, 5, 55) 256

(5, 5, 75) 257

(5, 6, 7) 258

(5, 6, 9) 259

(5, 6, 14) 260

(5, 6, 42) 261

(5, 7, 21) 262

(5, 9, 45) 263

(5, 10, 14) 264

(5, 10, 18) 265

(5, 12, 36) 266

(5, 18, 90) 267

(5, 21, 21) 268

(5, 24, 120) 269

(5, 26, 26) 270

(5, 28, 28) 271

(5, 30, 60) 272

(5, 36, 36) 273

(5, 40, 120) 274

(5, 45, 45) 275

(5, 90, 90) 276

(6, 6, 23) 277

(6, 6, 26) 278

(6, 6, 28) 279

(6, 6, 35) 280

(6, 6, 36) 281

(6, 6, 39) 282

(6, 6, 42) 283

(6, 6, 45) 284

(6, 7, 8) 285

(6, 7, 10) 286

(6, 7, 12) 287

(6, 7, 21) 288

(6, 7, 28) 289

(6, 7, 30) 290

(6, 8, 9) 291

(6, 8, 14) 292

(6, 8, 18) 293

(6, 8, 72) 294

(6, 9, 10) 295

(6, 9, 12) 296

(6, 9, 30) 297

(6, 9, 90) 298

(6, 10, 14) 299

(6, 10, 45) 300

(6, 11, 22) 301

(6, 11, 66) 302

(6, 12, 28) 303

(6, 12, 84) 304

(6, 13, 78) 305

(6, 17, 17) 306

(6, 19, 19) 307

(6, 26, 39) 308

(6, 28, 84) 309

(6, 32, 32) 310

(6, 34, 34) 311

(6, 39, 78) 312

(6, 40, 40) 313

(6, 54, 54) 314

(6, 120, 120) 315

(7, 7, 18) 316

(7, 7, 63) 317

(7, 8, 24) 318

(7, 8, 56) 319

(7, 10, 14) 320

(7, 11, 11) 321

(7, 14, 21) 322

(7, 14, 28) 323

(7, 15, 15) 324

(7, 28, 84) 325

(7, 70, 70) 326

(8, 8, 17) 327

(8, 8, 30) 328

(8, 8, 32) 329

(8, 8, 48) 330

(8, 8, 60) 331

(8, 9, 18) 332

(8, 9, 24) 333

(8, 12, 72) 334

(8, 14, 56) 335

(8, 15, 15) 336

(8, 20, 20) 337

(8, 24, 36) 338

(8, 28, 56) 339

(8, 30, 30) 340

(8, 36, 72) 341

(8, 40, 40) 342

(8, 64, 64) 343

(8, 80, 80) 344

(8, 96, 96) 345

(9, 9, 11) 346

(9, 9, 14) 347

(9, 9, 21) 348

(9, 9, 63) 349

(9, 10, 18) 350

(9, 13, 13) 351

(9, 18, 36) 352

(9, 18, 90) 353

(9, 22, 22) 354

(9, 30, 90) 355

(9, 42, 42) 356

(10, 10, 13) 357

(10, 10, 14) 358

(10, 10, 18) 359

(10, 10, 45) 360

(10, 11, 11) 361

(10, 15, 90) 362

(10, 16, 16) 363

(10, 24, 24) 364

(10, 120, 120) 365

(11, 11, 15) 366

(11, 11, 44) 367

(11, 18, 18) 368

(12, 12, 16) 369

(12, 12, 17) 370

(12, 12, 20) 371

(12, 12, 27) 372

(12, 12, 60) 373

(12, 14, 28) 374

(12, 15, 15) 375

(12, 20, 20) 376

(12, 24, 72) 377

(12, 30, 30) 378

(12, 36, 36) 379

(12, 40, 40) 380

(12, 42, 84) 381

(12, 60, 60) 382

(12, 120, 120) 383

(13, 26, 78) 384

(13, 39, 39) 385

(14, 14, 35) 386

(14, 28, 84) 387

(14, 35, 70) 388

(15, 15, 20) 389

(15, 15, 60) 390

(15, 16, 16) 391

(15, 24, 24) 392

(15, 25, 25) 393

(16, 16, 20) 394

(16, 16, 32) 395

(16, 16, 40) 396

(16, 16, 48) 397

(16, 96, 96) 398

(17, 17, 51) 399

(17, 102, 102) 400

(18, 18, 21) 401

(18, 24, 24) 402

(18, 24, 72) 403

(18, 27, 27) 404

(18, 45, 90) 405

(19, 19, 38) 406

(19, 19, 57) 407

(20, 20, 60) 408

(20, 24, 24) 409

(20, 120, 120) 410

(21, 28, 84) 411

(21, 126, 126) 412

(23, 92, 92) 413

(24, 24, 30) 414

(24, 24, 60) 415

(26, 104, 104) 416

(27, 27, 54) 417

(28, 112, 112) 418

(31, 62, 62) 419

(32, 32, 48) 420

(32, 64, 64) 421

(34, 34, 51) 422

(34, 68, 68) 423

(35, 140, 140) 424

(36, 144, 144) 425

(39, 156, 156) 426

(40, 40, 60) 427

(40, 80, 80) 428

(42, 42, 63) 429

(42, 168, 168) 430

(45, 180, 180) 431

(46, 46, 46) 432

(47, 47, 47) 433

(48, 96, 96) 434

(51, 102, 102) 435

(52, 52, 52) 436

(56, 56, 56) 437

(57, 114, 114) 438

(60, 120, 120) 439

(65, 65, 65) 440

(70, 70, 70) 441

(72, 72, 72) 442

(78, 78, 78) 443

(84, 84, 84) 444

(90, 90, 90) 445

(105, 105, 105) 446

number of noncompact  8 -arithmetic triples:  48
(2, 17, oo)

(2, 32, oo)

(2, 34, oo)

(2, 40, oo)

(2, 48, oo)

(2, 60, oo)

(3, 16, oo)

(3, 17, oo)

(3, 20, oo)

(3, 24, oo)

(3, 30, oo)

(4, 15, oo)

(4, 16, oo)

(4, 24, oo)

(4, 30, oo)

(4, 60, oo)

(5, 8, oo)

(5, 12, oo)

(5, 20, oo)

(5, 30, oo)

(6, 15, oo)

(6, 16, oo)

(6, 20, oo)

(6, 24, oo)

(8, 10, oo)

(8, 12, oo)

(8, 16, oo)

(8, 40, oo)

(10, 12, oo)

(10, 15, oo)

(10, 20, oo)

(12, 20, oo)

(12, 24, oo)

(12, 60, oo)

(15, 30, oo)

(16, oo, oo)

(16, 48, oo)

(17, oo, oo)

(17, 17, oo)

(20, oo, oo)

(20, 60, oo)

(24, oo, oo)

(30, oo, oo)

(32, 32, oo)

(34, 34, oo)

(40, 40, oo)

(48, 48, oo)

(60, 60, oo)

number of compact  9 -arithmetic triples:  95
(2, 3, 59) 1

(2, 3, 81) 2

(2, 3, 106) 3

(2, 3, 162) 4

(2, 3, 174) 5

(2, 4, 37) 6

(2, 4, 74) 7

(2, 4, 76) 8

(2, 4, 108) 9

(2, 5, 46) 10

(2, 5, 130) 11

(2, 6, 29) 12

(2, 7, 26) 13

(2, 7, 49) 14

(2, 7, 98) 15

(2, 8, 19) 16

(2, 8, 27) 17

(2, 8, 38) 18

(2, 8, 50) 19

(2, 8, 54) 20

(2, 10, 17) 21

(2, 10, 32) 22

(2, 11, 16) 23

(2, 12, 96) 24

(2, 12, 108) 25

(2, 13, 14) 26

(2, 21, 126) 27

(2, 30, 75) 28

(2, 36, 108) 29

(2, 37, 37) 30

(2, 53, 106) 31

(2, 74, 74) 32

(2, 76, 76) 33

(2, 81, 162) 34

(2, 87, 174) 35

(2, 108, 108) 36

(3, 3, 53) 37

(3, 3, 81) 38

(3, 3, 87) 39

(3, 9, 11) 40

(3, 12, 48) 41

(3, 24, 48) 42

(3, 27, 81) 43

(3, 29, 29) 44

(3, 30, 150) 45

(3, 54, 162) 46

(3, 58, 174) 47

(4, 4, 37) 48

(4, 4, 38) 49

(4, 4, 54) 50

(4, 19, 19) 51

(4, 27, 27) 52

(4, 38, 38) 53

(4, 50, 50) 54

(4, 54, 54) 55

(5, 5, 23) 56

(5, 5, 65) 57

(5, 10, 40) 58

(5, 17, 17) 59

(5, 32, 32) 60

(6, 9, 36) 61

(6, 15, 90) 62

(6, 18, 36) 63

(6, 18, 45) 64

(6, 96, 96) 65

(6, 108, 108) 66

(7, 7, 13) 67

(7, 7, 49) 68

(7, 13, 13) 69

(8, 8, 19) 70

(8, 8, 25) 71

(8, 8, 27) 72

(8, 9, 72) 73

(8, 11, 11) 74

(9, 10, 90) 75

(10, 10, 16) 76

(10, 35, 70) 77

(10, 45, 90) 78

(12, 12, 48) 79

(12, 12, 54) 80

(12, 32, 96) 81

(15, 18, 90) 82

(15, 75, 75) 83

(18, 30, 45) 84

(18, 36, 108) 85

(18, 108, 108) 86

(21, 21, 63) 87

(22, 33, 66) 88

(36, 36, 54) 89

(37, 74, 74) 90

(38, 76, 76) 91

(53, 53, 53) 92

(54, 108, 108) 93

(81, 81, 81) 94

(87, 87, 87) 95

number of noncompact  9 -arithmetic triples:  16
(2, 19, oo)

(2, 27, oo)

(2, 38, oo)

(2, 54, oo)

(3, 19, oo)

(3, 27, oo)

(6, 54, oo)

(7, 9, oo)

(9, 27, oo)

(18, 54, oo)

(19, oo, oo)

(19, 19, oo)

(27, oo, oo)

(27, 27, oo)

(38, 38, oo)

(54, 54, oo)

number of compact  10 -arithmetic triples:  568
(2, 3, 61) 1

(2, 3, 77) 2

(2, 3, 87) 3

(2, 3, 93) 4

(2, 3, 99) 5

(2, 3, 116) 6

(2, 3, 118) 7

(2, 3, 122) 8

(2, 3, 124) 9

(2, 3, 136) 10

(2, 3, 154) 11

(2, 3, 160) 12

(2, 3, 170) 13

(2, 3, 186) 14

(2, 3, 198) 15

(2, 3, 204) 16

(2, 3, 240) 17

(2, 4, 41) 18

(2, 4, 43) 19

(2, 4, 55) 20

(2, 4, 57) 21

(2, 4, 75) 22

(2, 4, 82) 23

(2, 4, 88) 24

(2, 4, 98) 25

(2, 4, 100) 26

(2, 4, 110) 27

(2, 4, 126) 28

(2, 4, 132) 29

(2, 4, 138) 30

(2, 4, 150) 31

(2, 5, 29) 32

(2, 5, 39) 33

(2, 5, 52) 34

(2, 5, 56) 35

(2, 5, 65) 36

(2, 5, 72) 37

(2, 5, 78) 38

(2, 5, 84) 39

(2, 5, 105) 40

(2, 5, 140) 41

(2, 5, 180) 42

(2, 5, 210) 43

(2, 6, 31) 44

(2, 6, 58) 45

(2, 6, 62) 46

(2, 6, 68) 47

(2, 6, 80) 48

(2, 6, 102) 49

(2, 6, 120) 50

(2, 7, 17) 51

(2, 7, 32) 52

(2, 7, 40) 53

(2, 7, 48) 54

(2, 7, 60) 55

(2, 7, 105) 56

(2, 7, 112) 57

(2, 7, 140) 58

(2, 7, 168) 59

(2, 7, 210) 60

(2, 8, 23) 61

(2, 8, 33) 62

(2, 8, 44) 63

(2, 8, 66) 64

(2, 8, 70) 65

(2, 8, 88) 66

(2, 9, 17) 67

(2, 9, 21) 68

(2, 9, 26) 69

(2, 9, 108) 70

(2, 9, 180) 71

(2, 10, 19) 72

(2, 10, 34) 73

(2, 10, 48) 74

(2, 10, 54) 75

(2, 10, 80) 76

(2, 10, 120) 77

(2, 11, 15) 78

(2, 11, 24) 79

(2, 11, 55) 80

(2, 11, 110) 81

(2, 11, 132) 82

(2, 12, 23) 83

(2, 12, 25) 84

(2, 12, 27) 85

(2, 12, 33) 86

(2, 12, 38) 87

(2, 12, 44) 88

(2, 12, 50) 89

(2, 12, 66) 90

(2, 12, 132) 91

(2, 12, 168) 92

(2, 13, 20) 93

(2, 13, 24) 94

(2, 13, 30) 95

(2, 13, 65) 96

(2, 13, 104) 97

(2, 13, 156) 98

(2, 14, 22) 99

(2, 14, 36) 100

(2, 14, 126) 101

(2, 15, 25) 102

(2, 15, 75) 103

(2, 18, 21) 104

(2, 18, 26) 105

(2, 18, 28) 106

(2, 18, 63) 107

(2, 18, 108) 108

(2, 18, 126) 109

(2, 20, 100) 110

(2, 21, 63) 111

(2, 22, 24) 112

(2, 22, 30) 113

(2, 22, 88) 114

(2, 22, 110) 115

(2, 22, 132) 116

(2, 23, 69) 117

(2, 23, 92) 118

(2, 23, 138) 119

(2, 24, 144) 120

(2, 25, 75) 121

(2, 25, 100) 122

(2, 25, 150) 123

(2, 30, 36) 124

(2, 30, 50) 125

(2, 30, 150) 126

(2, 30, 180) 127

(2, 32, 48) 128

(2, 33, 44) 129

(2, 33, 132) 130

(2, 34, 51) 131

(2, 36, 48) 132

(2, 36, 54) 133

(2, 38, 114) 134

(2, 39, 156) 135

(2, 40, 60) 136

(2, 41, 41) 137

(2, 42, 56) 138

(2, 42, 63) 139

(2, 42, 168) 140

(2, 43, 43) 141

(2, 44, 132) 142

(2, 45, 60) 143

(2, 50, 150) 144

(2, 55, 55) 145

(2, 57, 57) 146

(2, 58, 116) 147

(2, 59, 118) 148

(2, 61, 122) 149

(2, 62, 124) 150

(2, 68, 136) 151

(2, 75, 75) 152

(2, 77, 154) 153

(2, 80, 160) 154

(2, 82, 82) 155

(2, 85, 170) 156

(2, 88, 88) 157

(2, 93, 186) 158

(2, 98, 98) 159

(2, 99, 198) 160

(2, 100, 100) 161

(2, 102, 204) 162

(2, 110, 110) 163

(2, 126, 126) 164

(2, 132, 132) 165

(2, 138, 138) 166

(2, 150, 150) 167

(3, 3, 58) 168

(3, 3, 59) 169

(3, 3, 61) 170

(3, 3, 62) 171

(3, 3, 68) 172

(3, 3, 77) 173

(3, 3, 80) 174

(3, 3, 85) 175

(3, 3, 93) 176

(3, 3, 99) 177

(3, 3, 102) 178

(3, 3, 120) 179

(3, 4, 23) 180

(3, 4, 25) 181

(3, 4, 27) 182

(3, 4, 33) 183

(3, 4, 38) 184

(3, 4, 50) 185

(3, 4, 66) 186

(3, 4, 76) 187

(3, 4, 92) 188

(3, 4, 100) 189

(3, 4, 132) 190

(3, 5, 22) 191

(3, 5, 23) 192

(3, 5, 33) 193

(3, 5, 36) 194

(3, 5, 50) 195

(3, 5, 55) 196

(3, 5, 105) 197

(3, 6, 17) 198

(3, 6, 40) 199

(3, 6, 60) 200

(3, 7, 17) 201

(3, 8, 11) 202

(3, 8, 15) 203

(3, 8, 22) 204

(3, 8, 48) 205

(3, 8, 88) 206

(3, 8, 120) 207

(3, 9, 13) 208

(3, 9, 63) 209

(3, 10, 16) 210

(3, 10, 24) 211

(3, 10, 40) 212

(3, 10, 60) 213

(3, 11, 12) 214

(3, 11, 15) 215

(3, 11, 44) 216

(3, 11, 55) 217

(3, 11, 66) 218

(3, 12, 15) 219

(3, 12, 16) 220

(3, 12, 30) 221

(3, 12, 108) 222

(3, 14, 18) 223

(3, 14, 126) 224

(3, 15, 20) 225

(3, 15, 60) 226

(3, 16, 32) 227

(3, 18, 42) 228

(3, 18, 126) 229

(3, 19, 38) 230

(3, 22, 33) 231

(3, 24, 36) 232

(3, 24, 40) 233

(3, 24, 120) 234

(3, 27, 54) 235

(3, 29, 87) 236

(3, 30, 45) 237

(3, 31, 31) 238

(3, 31, 93) 239

(3, 33, 99) 240

(3, 58, 58) 241

(3, 62, 62) 242

(3, 62, 186) 243

(3, 66, 198) 244

(3, 68, 68) 245

(3, 68, 204) 246

(3, 80, 80) 247

(3, 102, 102) 248

(3, 120, 120) 249

(4, 4, 41) 250

(4, 4, 44) 251

(4, 4, 49) 252

(4, 4, 50) 253

(4, 4, 55) 254

(4, 4, 63) 255

(4, 4, 66) 256

(4, 4, 69) 257

(4, 4, 75) 258

(4, 5, 11) 259

(4, 5, 24) 260

(4, 5, 40) 261

(4, 5, 44) 262

(4, 5, 100) 263

(4, 6, 17) 264

(4, 6, 32) 265

(4, 6, 34) 266

(4, 6, 48) 267

(4, 7, 9) 268

(4, 7, 18) 269

(4, 7, 36) 270

(4, 8, 15) 271

(4, 8, 20) 272

(4, 8, 30) 273

(4, 8, 32) 274

(4, 8, 48) 275

(4, 8, 120) 276

(4, 9, 14) 277

(4, 9, 54) 278

(4, 10, 16) 279

(4, 10, 24) 280

(4, 10, 40) 281

(4, 12, 16) 282

(4, 12, 17) 283

(4, 12, 42) 284

(4, 12, 48) 285

(4, 12, 60) 286

(4, 14, 21) 287

(4, 14, 84) 288

(4, 16, 24) 289

(4, 16, 32) 290

(4, 16, 80) 291

(4, 17, 34) 292

(4, 17, 68) 293

(4, 18, 27) 294

(4, 19, 76) 295

(4, 20, 60) 296

(4, 22, 66) 297

(4, 23, 23) 298

(4, 24, 40) 299

(4, 24, 48) 300

(4, 24, 120) 301

(4, 27, 36) 302

(4, 32, 96) 303

(4, 33, 33) 304

(4, 44, 44) 305

(4, 66, 66) 306

(4, 70, 70) 307

(4, 88, 88) 308

(5, 5, 26) 309

(5, 5, 28) 310

(5, 5, 36) 311

(5, 5, 39) 312

(5, 5, 42) 313

(5, 5, 70) 314

(5, 5, 90) 315

(5, 5, 105) 316

(5, 6, 16) 317

(5, 6, 24) 318

(5, 7, 9) 319

(5, 7, 42) 320

(5, 8, 12) 321

(5, 8, 15) 322

(5, 8, 16) 323

(5, 8, 20) 324

(5, 8, 30) 325

(5, 8, 120) 326

(5, 9, 27) 327

(5, 10, 16) 328

(5, 10, 24) 329

(5, 10, 60) 330

(5, 10, 150) 331

(5, 11, 15) 332

(5, 12, 15) 333

(5, 12, 24) 334

(5, 12, 30) 335

(5, 15, 20) 336

(5, 15, 25) 337

(5, 15, 60) 338

(5, 15, 75) 339

(5, 16, 48) 340

(5, 19, 19) 341

(5, 20, 30) 342

(5, 20, 100) 343

(5, 24, 40) 344

(5, 30, 50) 345

(5, 30, 150) 346

(5, 34, 34) 347

(5, 42, 70) 348

(5, 48, 48) 349

(5, 54, 54) 350

(5, 80, 80) 351

(5, 120, 120) 352

(6, 6, 29) 353

(6, 6, 31) 354

(6, 6, 34) 355

(6, 6, 40) 356

(6, 6, 51) 357

(6, 6, 60) 358

(6, 8, 15) 359

(6, 8, 40) 360

(6, 8, 120) 361

(6, 10, 18) 362

(6, 12, 14) 363

(6, 12, 18) 364

(6, 13, 26) 365

(6, 14, 28) 366

(6, 14, 42) 367

(6, 15, 18) 368

(6, 15, 60) 369

(6, 17, 102) 370

(6, 23, 23) 371

(6, 24, 40) 372

(6, 24, 72) 373

(6, 25, 25) 374

(6, 27, 27) 375

(6, 33, 33) 376

(6, 38, 38) 377

(6, 44, 44) 378

(6, 50, 50) 379

(6, 66, 66) 380

(6, 132, 132) 381

(6, 168, 168) 382

(7, 7, 16) 383

(7, 7, 20) 384

(7, 7, 24) 385

(7, 7, 30) 386

(7, 7, 56) 387

(7, 7, 70) 388

(7, 7, 84) 389

(7, 7, 105) 390

(7, 9, 14) 391

(7, 9, 18) 392

(7, 18, 126) 393

(7, 22, 22) 394

(7, 36, 36) 395

(7, 126, 126) 396

(8, 8, 22) 397

(8, 8, 33) 398

(8, 8, 35) 399

(8, 8, 44) 400

(8, 10, 12) 401

(8, 10, 20) 402

(8, 10, 24) 403

(8, 10, 30) 404

(8, 10, 120) 405

(8, 12, 16) 406

(8, 12, 40) 407

(8, 15, 30) 408

(8, 16, 24) 409

(8, 18, 72) 410

(8, 20, 24) 411

(8, 20, 120) 412

(8, 24, 30) 413

(8, 24, 48) 414

(8, 24, 60) 415

(8, 30, 40) 416

(8, 32, 96) 417

(8, 40, 60) 418

(9, 9, 13) 419

(9, 9, 54) 420

(9, 9, 90) 421

(9, 10, 30) 422

(9, 12, 108) 423

(9, 14, 126) 424

(9, 18, 126) 425

(9, 21, 21) 426

(9, 26, 26) 427

(9, 27, 54) 428

(9, 28, 28) 429

(9, 63, 63) 430

(9, 108, 108) 431

(9, 126, 126) 432

(10, 10, 17) 433

(10, 10, 24) 434

(10, 10, 27) 435

(10, 10, 40) 436

(10, 10, 60) 437

(10, 12, 30) 438

(10, 13, 13) 439

(10, 14, 35) 440

(10, 15, 60) 441

(10, 16, 80) 442

(10, 18, 45) 443

(10, 20, 30) 444

(10, 24, 40) 445

(10, 24, 120) 446

(10, 30, 60) 447

(10, 40, 120) 448

(10, 100, 100) 449

(11, 11, 12) 450

(11, 11, 55) 451

(11, 11, 66) 452

(11, 14, 14) 453

(11, 24, 24) 454

(11, 30, 30) 455

(11, 88, 88) 456

(11, 110, 110) 457

(11, 132, 132) 458

(12, 12, 19) 459

(12, 12, 22) 460

(12, 12, 25) 461

(12, 12, 33) 462

(12, 12, 66) 463

(12, 12, 84) 464

(12, 13, 13) 465

(12, 14, 84) 466

(12, 15, 30) 467

(12, 21, 28) 468

(12, 21, 84) 469

(12, 22, 22) 470

(12, 24, 40) 471

(12, 28, 42) 472

(12, 40, 120) 473

(12, 144, 144) 474

(13, 13, 15) 475

(13, 13, 52) 476

(13, 13, 78) 477

(13, 18, 18) 478

(14, 14, 18) 479

(14, 14, 63) 480

(14, 18, 18) 481

(15, 18, 30) 482

(15, 20, 30) 483

(15, 22, 22) 484

(15, 24, 120) 485

(15, 36, 36) 486

(15, 40, 120) 487

(15, 50, 50) 488

(15, 150, 150) 489

(15, 180, 180) 490

(16, 32, 96) 491

(16, 40, 80) 492

(16, 48, 48) 493

(17, 34, 102) 494

(17, 51, 51) 495

(18, 18, 54) 496

(18, 18, 63) 497

(18, 30, 30) 498

(18, 48, 48) 499

(18, 54, 54) 500

(18, 63, 126) 501

(19, 38, 114) 502

(19, 114, 114) 503

(20, 20, 50) 504

(20, 40, 120) 505

(20, 60, 60) 506

(21, 56, 56) 507

(21, 63, 63) 508

(21, 168, 168) 509

(22, 22, 44) 510

(22, 22, 55) 511

(22, 22, 66) 512

(22, 33, 33) 513

(22, 132, 132) 514

(23, 23, 46) 515

(23, 23, 69) 516

(24, 24, 72) 517

(24, 30, 40) 518

(24, 32, 32) 519

(24, 36, 36) 520

(24, 36, 72) 521

(24, 60, 120) 522

(25, 25, 50) 523

(25, 25, 75) 524

(25, 30, 30) 525

(25, 150, 150) 526

(26, 39, 78) 527

(27, 36, 36) 528

(28, 42, 42) 529

(28, 42, 84) 530

(29, 116, 116) 531

(30, 30, 75) 532

(30, 30, 90) 533

(30, 40, 40) 534

(30, 40, 120) 535

(30, 45, 45) 536

(30, 45, 90) 537

(31, 124, 124) 538

(33, 33, 66) 539

(34, 136, 136) 540

(38, 38, 57) 541

(39, 39, 78) 542

(40, 160, 160) 543

(41, 82, 82) 544

(42, 42, 84) 545

(44, 44, 66) 546

(44, 88, 88) 547

(49, 98, 98) 548

(50, 50, 75) 549

(50, 100, 100) 550

(51, 204, 204) 551

(55, 110, 110) 552

(58, 58, 58) 553

(59, 59, 59) 554

(61, 61, 61) 555

(62, 62, 62) 556

(63, 126, 126) 557

(66, 132, 132) 558

(68, 68, 68) 559

(69, 138, 138) 560

(75, 150, 150) 561

(77, 77, 77) 562

(80, 80, 80) 563

(85, 85, 85) 564

(93, 93, 93) 565

(99, 99, 99) 566

(102, 102, 102) 567

(120, 120, 120) 568

number of noncompact  10 -arithmetic triples:  28
(2, 25, oo)

(2, 33, oo)

(2, 44, oo)

(2, 50, oo)

(2, 66, oo)

(3, 22, oo)

(3, 25, oo)

(3, 33, oo)

(4, 11, oo)

(4, 22, oo)

(4, 44, oo)

(5, 11, oo)

(5, 25, oo)

(6, 11, oo)

(6, 22, oo)

(6, 66, oo)

(10, 50, oo)

(11, 22, oo)

(11, 33, oo)

(22, oo, oo)

(22, 66, oo)

(25, oo, oo)

(25, 25, oo)

(33, oo, oo)

(33, 33, oo)

(44, 44, oo)

(50, 50, oo)

(66, 66, oo)

number of compact  11 -arithmetic triples:  83
(2, 3, 67) 1

(2, 3, 71) 2

(2, 3, 128) 3

(2, 3, 134) 4

(2, 3, 192) 5

(2, 4, 47) 6

(2, 4, 49) 7

(2, 4, 86) 8

(2, 4, 92) 9

(2, 6, 51) 10

(2, 6, 64) 11

(2, 6, 96) 12

(2, 7, 19) 13

(2, 7, 27) 14

(2, 7, 34) 15

(2, 8, 25) 16

(2, 9, 32) 17

(2, 10, 27) 18

(2, 13, 16) 19

(2, 14, 63) 20

(2, 15, 150) 21

(2, 16, 22) 22

(2, 17, 18) 23

(2, 47, 47) 24

(2, 49, 49) 25

(2, 64, 128) 26

(2, 67, 134) 27

(2, 86, 86) 28

(2, 92, 92) 29

(2, 96, 192) 30

(3, 3, 64) 31

(3, 3, 67) 32

(3, 3, 96) 33

(3, 6, 32) 34

(3, 6, 34) 35

(3, 6, 48) 36

(3, 6, 102) 37

(3, 7, 19) 38

(3, 7, 49) 39

(3, 51, 51) 40

(3, 64, 64) 41

(3, 64, 192) 42

(3, 96, 96) 43

(4, 4, 43) 44

(4, 4, 46) 45

(4, 6, 108) 46

(4, 18, 108) 47

(4, 25, 25) 48

(4, 36, 54) 49

(5, 6, 54) 50

(5, 18, 54) 51

(5, 20, 40) 52

(5, 27, 27) 53

(6, 6, 32) 54

(6, 6, 48) 55

(6, 11, 18) 56

(6, 30, 45) 57

(6, 32, 96) 58

(6, 34, 51) 59

(6, 36, 108) 60

(6, 45, 90) 61

(7, 7, 17) 62

(7, 21, 63) 63

(7, 42, 126) 64

(7, 63, 63) 65

(8, 13, 13) 66

(8, 22, 22) 67

(9, 9, 16) 68

(9, 15, 45) 69

(9, 17, 17) 70

(11, 16, 16) 71

(12, 18, 108) 72

(12, 24, 48) 73

(14, 42, 63) 74

(15, 15, 75) 75

(24, 32, 96) 76

(32, 128, 128) 77

(43, 86, 86) 78

(46, 92, 92) 79

(48, 192, 192) 80

(64, 64, 64) 81

(67, 67, 67) 82

(96, 96, 96) 83

number of noncompact  11 -arithmetic triples:  6
(2, 23, oo)

(2, 46, oo)

(3, 23, oo)

(23, oo, oo)

(23, 23, oo)

(46, 46, oo)

number of compact  12 -arithmetic triples:  699
(2, 3, 73) 1

(2, 3, 85) 2

(2, 3, 91) 3

(2, 3, 95) 4

(2, 3, 111) 5

(2, 3, 117) 6

(2, 3, 135) 7

(2, 3, 142) 8

(2, 3, 146) 9

(2, 3, 148) 10

(2, 3, 152) 11

(2, 3, 165) 12

(2, 3, 182) 13

(2, 3, 190) 14

(2, 3, 216) 15

(2, 3, 220) 16

(2, 3, 234) 17

(2, 3, 228) 18

(2, 3, 252) 19

(2, 3, 270) 20

(2, 4, 65) 21

(2, 4, 69) 22

(2, 4, 94) 23

(2, 4, 104) 24

(2, 4, 105) 25

(2, 4, 112) 26

(2, 4, 130) 27

(2, 4, 140) 28

(2, 4, 144) 29

(2, 4, 156) 30

(2, 4, 168) 31

(2, 4, 180) 32

(2, 4, 210) 33

(2, 5, 31) 34

(2, 5, 58) 35

(2, 5, 62) 36

(2, 5, 68) 37

(2, 5, 96) 38

(2, 5, 102) 39

(2, 5, 160) 40

(2, 6, 37) 41

(2, 6, 57) 42

(2, 6, 63) 43

(2, 6, 74) 44

(2, 6, 76) 45

(2, 6, 108) 46

(2, 6, 110) 47

(2, 6, 114) 48

(2, 6, 126) 49

(2, 7, 25) 50

(2, 7, 38) 51

(2, 7, 54) 52

(2, 7, 66) 53

(2, 7, 154) 54

(2, 8, 39) 55

(2, 8, 45) 56

(2, 8, 46) 57

(2, 8, 52) 58

(2, 8, 78) 59

(2, 8, 84) 60

(2, 8, 90) 61

(2, 8, 104) 62

(2, 8, 144) 63

(2, 8, 168) 64

(2, 9, 40) 65

(2, 9, 48) 66

(2, 9, 60) 67

(2, 9, 144) 68

(2, 10, 33) 69

(2, 10, 38) 70

(2, 10, 44) 71

(2, 10, 55) 72

(2, 10, 66) 73

(2, 10, 75) 74

(2, 10, 100) 75

(2, 10, 110) 76

(2, 10, 150) 77

(2, 11, 13) 78

(2, 11, 77) 79

(2, 11, 154) 80

(2, 12, 35) 81

(2, 12, 39) 82

(2, 12, 45) 83

(2, 12, 46) 84

(2, 12, 52) 85

(2, 12, 56) 86

(2, 12, 70) 87

(2, 12, 78) 88

(2, 12, 90) 89

(2, 12, 144) 90

(2, 12, 156) 91

(2, 12, 180) 92

(2, 13, 15) 93

(2, 13, 130) 94

(2, 14, 26) 95

(2, 14, 49) 96

(2, 14, 98) 97

(2, 14, 105) 98

(2, 15, 21) 99

(2, 15, 22) 100

(2, 15, 28) 101

(2, 15, 35) 102

(2, 15, 42) 103

(2, 15, 50) 104

(2, 15, 70) 105

(2, 15, 105) 106

(2, 15, 180) 107

(2, 16, 21) 108

(2, 16, 28) 109

(2, 16, 36) 110

(2, 16, 42) 111

(2, 16, 56) 112

(2, 16, 112) 113

(2, 16, 144) 114

(2, 18, 40) 115

(2, 18, 48) 116

(2, 18, 60) 117

(2, 18, 180) 118

(2, 20, 21) 119

(2, 20, 22) 120

(2, 20, 25) 121

(2, 20, 28) 122

(2, 20, 35) 123

(2, 20, 36) 124

(2, 20, 42) 125

(2, 20, 45) 126

(2, 20, 50) 127

(2, 20, 70) 128

(2, 20, 90) 129

(2, 20, 140) 130

(2, 20, 180) 131

(2, 21, 24) 132

(2, 21, 30) 133

(2, 21, 35) 134

(2, 21, 56) 135

(2, 21, 70) 136

(2, 21, 105) 137

(2, 21, 168) 138

(2, 21, 210) 139

(2, 22, 55) 140

(2, 24, 28) 141

(2, 24, 42) 142

(2, 24, 56) 143

(2, 24, 84) 144

(2, 24, 168) 145

(2, 26, 30) 146

(2, 26, 104) 147

(2, 28, 30) 148

(2, 28, 35) 149

(2, 28, 70) 150

(2, 28, 112) 151

(2, 28, 140) 152

(2, 28, 168) 153

(2, 29, 116) 154

(2, 30, 35) 155

(2, 30, 42) 156

(2, 30, 70) 157

(2, 30, 105) 158

(2, 30, 210) 159

(2, 35, 42) 160

(2, 35, 105) 161

(2, 35, 140) 162

(2, 35, 210) 163

(2, 36, 60) 164

(2, 36, 90) 165

(2, 36, 144) 166

(2, 36, 180) 167

(2, 38, 57) 168

(2, 39, 52) 169

(2, 42, 70) 170

(2, 42, 105) 171

(2, 42, 210) 172

(2, 44, 66) 173

(2, 45, 180) 174

(2, 46, 138) 175

(2, 48, 144) 176

(2, 50, 75) 177

(2, 52, 156) 178

(2, 56, 168) 179

(2, 60, 180) 180

(2, 65, 65) 181

(2, 69, 69) 182

(2, 70, 210) 183

(2, 71, 142) 184

(2, 73, 146) 185

(2, 74, 148) 186

(2, 76, 152) 187

(2, 91, 182) 188

(2, 94, 94) 189

(2, 95, 190) 190

(2, 104, 104) 191

(2, 105, 105) 192

(2, 108, 216) 193

(2, 112, 112) 194

(2, 130, 130) 195

(2, 140, 140) 196

(2, 144, 144) 197

(2, 156, 156) 198

(2, 168, 168) 199

(2, 180, 180) 200

(2, 210, 210) 201

(3, 3, 71) 202

(3, 3, 73) 203

(3, 3, 74) 204

(3, 3, 76) 205

(3, 3, 91) 206

(3, 3, 95) 207

(3, 3, 108) 208

(3, 3, 110) 209

(3, 3, 111) 210

(3, 3, 114) 211

(3, 3, 117) 212

(3, 3, 126) 213

(3, 3, 135) 214

(3, 4, 35) 215

(3, 4, 39) 216

(3, 4, 45) 217

(3, 4, 46) 218

(3, 4, 56) 219

(3, 4, 70) 220

(3, 4, 72) 221

(3, 4, 78) 222

(3, 4, 90) 223

(3, 4, 140) 224

(3, 4, 156) 225

(3, 4, 180) 226

(3, 5, 26) 227

(3, 5, 28) 228

(3, 5, 29) 229

(3, 5, 39) 230

(3, 5, 42) 231

(3, 5, 65) 232

(3, 5, 70) 233

(3, 5, 90) 234

(3, 6, 19) 235

(3, 6, 27) 236

(3, 6, 38) 237

(3, 6, 114) 238

(3, 6, 126) 239

(3, 7, 16) 240

(3, 7, 20) 241

(3, 7, 24) 242

(3, 7, 30) 243

(3, 7, 56) 244

(3, 7, 70) 245

(3, 7, 84) 246

(3, 7, 105) 247

(3, 8, 13) 248

(3, 8, 42) 249

(3, 8, 104) 250

(3, 8, 168) 251

(3, 9, 14) 252

(3, 9, 17) 253

(3, 9, 21) 254

(3, 9, 30) 255

(3, 9, 90) 256

(3, 10, 11) 257

(3, 10, 22) 258

(3, 10, 25) 259

(3, 10, 45) 260

(3, 10, 110) 261

(3, 12, 22) 262

(3, 12, 42) 263

(3, 12, 44) 264

(3, 12, 132) 265

(3, 13, 15) 266

(3, 13, 52) 267

(3, 13, 78) 268

(3, 16, 18) 269

(3, 20, 36) 270

(3, 20, 100) 271

(3, 22, 44) 272

(3, 22, 110) 273

(3, 23, 46) 274

(3, 25, 50) 275

(3, 26, 39) 276

(3, 26, 130) 277

(3, 28, 42) 278

(3, 30, 42) 279

(3, 30, 210) 280

(3, 33, 66) 281

(3, 35, 70) 282

(3, 37, 37) 283

(3, 37, 111) 284

(3, 39, 117) 285

(3, 42, 84) 286

(3, 45, 135) 287

(3, 55, 165) 288

(3, 57, 57) 289

(3, 63, 63) 290

(3, 72, 216) 291

(3, 74, 74) 292

(3, 76, 76) 293

(3, 108, 108) 294

(3, 110, 110) 295

(3, 114, 114) 296

(3, 126, 126) 297

(4, 4, 47) 298

(4, 4, 52) 299

(4, 4, 56) 300

(4, 4, 65) 301

(4, 4, 70) 302

(4, 4, 72) 303

(4, 4, 78) 304

(4, 4, 84) 305

(4, 4, 90) 306

(4, 4, 105) 307

(4, 5, 13) 308

(4, 5, 22) 309

(4, 5, 25) 310

(4, 5, 45) 311

(4, 5, 50) 312

(4, 5, 52) 313

(4, 5, 70) 314

(4, 5, 84) 315

(4, 5, 140) 316

(4, 6, 19) 317

(4, 6, 27) 318

(4, 6, 38) 319

(4, 6, 40) 320

(4, 6, 54) 321

(4, 7, 60) 322

(4, 8, 11) 323

(4, 8, 22) 324

(4, 8, 88) 325

(4, 9, 27) 326

(4, 9, 28) 327

(4, 10, 11) 328

(4, 10, 25) 329

(4, 10, 50) 330

(4, 10, 100) 331

(4, 11, 33) 332

(4, 12, 19) 333

(4, 12, 20) 334

(4, 12, 27) 335

(4, 12, 66) 336

(4, 14, 18) 337

(4, 18, 54) 338

(4, 19, 38) 339

(4, 20, 25) 340

(4, 20, 40) 341

(4, 22, 132) 342

(4, 25, 100) 343

(4, 27, 54) 344

(4, 27, 108) 345

(4, 33, 44) 346

(4, 33, 132) 347

(4, 34, 68) 348

(4, 35, 140) 349

(4, 39, 39) 350

(4, 44, 66) 351

(4, 45, 45) 352

(4, 45, 60) 353

(4, 46, 46) 354

(4, 50, 100) 355

(4, 52, 52) 356

(4, 78, 78) 357

(4, 84, 84) 358

(4, 90, 90) 359

(4, 104, 104) 360

(4, 144, 144) 361

(4, 168, 168) 362

(5, 5, 29) 363

(5, 5, 31) 364

(5, 5, 34) 365

(5, 5, 48) 366

(5, 5, 51) 367

(5, 5, 80) 368

(5, 6, 11) 369

(5, 6, 25) 370

(5, 6, 40) 371

(5, 6, 60) 372

(5, 6, 66) 373

(5, 6, 150) 374

(5, 7, 8) 375

(5, 7, 28) 376

(5, 7, 70) 377

(5, 9, 30) 378

(5, 9, 90) 379

(5, 10, 11) 380

(5, 10, 22) 381

(5, 10, 25) 382

(5, 10, 110) 383

(5, 11, 22) 384

(5, 11, 33) 385

(5, 11, 55) 386

(5, 13, 15) 387

(5, 13, 39) 388

(5, 13, 65) 389

(5, 14, 35) 390

(5, 21, 105) 391

(5, 22, 66) 392

(5, 22, 110) 393

(5, 25, 50) 394

(5, 25, 75) 395

(5, 28, 140) 396

(5, 30, 210) 397

(5, 33, 33) 398

(5, 36, 60) 399

(5, 36, 180) 400

(5, 38, 38) 401

(5, 42, 210) 402

(5, 44, 44) 403

(5, 50, 150) 404

(5, 55, 55) 405

(5, 66, 66) 406

(5, 75, 75) 407

(5, 100, 100) 408

(5, 110, 110) 409

(5, 150, 150) 410

(6, 6, 37) 411

(6, 6, 38) 412

(6, 6, 54) 413

(6, 6, 55) 414

(6, 6, 57) 415

(6, 6, 63) 416

(6, 7, 9) 417

(6, 7, 126) 418

(6, 8, 20) 419

(6, 8, 30) 420

(6, 8, 32) 421

(6, 8, 48) 422

(6, 9, 14) 423

(6, 9, 42) 424

(6, 9, 126) 425

(6, 10, 16) 426

(6, 10, 24) 427

(6, 10, 40) 428

(6, 10, 60) 429

(6, 12, 15) 430

(6, 12, 16) 431

(6, 12, 30) 432

(6, 13, 18) 433

(6, 16, 24) 434

(6, 16, 32) 435

(6, 17, 34) 436

(6, 18, 63) 437

(6, 19, 114) 438

(6, 20, 30) 439

(6, 24, 120) 440

(6, 30, 60) 441

(6, 35, 35) 442

(6, 38, 57) 443

(6, 39, 39) 444

(6, 42, 63) 445

(6, 45, 45) 446

(6, 46, 46) 447

(6, 52, 52) 448

(6, 56, 56) 449

(6, 70, 70) 450

(6, 78, 78) 451

(6, 90, 90) 452

(6, 144, 144) 453

(6, 156, 156) 454

(6, 180, 180) 455

(7, 7, 19) 456

(7, 7, 27) 457

(7, 7, 33) 458

(7, 7, 77) 459

(7, 8, 168) 460

(7, 9, 21) 461

(7, 9, 63) 462

(7, 12, 36) 463

(7, 14, 18) 464

(7, 14, 126) 465

(7, 16, 112) 466

(7, 20, 28) 467

(7, 24, 56) 468

(7, 26, 26) 469

(7, 30, 42) 470

(7, 49, 49) 471

(7, 98, 98) 472

(7, 105, 105) 473

(8, 8, 23) 474

(8, 8, 26) 475

(8, 8, 39) 476

(8, 8, 42) 477

(8, 8, 45) 478

(8, 8, 52) 479

(8, 8, 72) 480

(8, 8, 84) 481

(8, 10, 15) 482

(8, 10, 16) 483

(8, 11, 22) 484

(8, 11, 24) 485

(8, 12, 48) 486

(8, 12, 120) 487

(8, 15, 24) 488

(8, 15, 40) 489

(8, 15, 120) 490

(8, 16, 32) 491

(8, 16, 80) 492

(8, 21, 21) 493

(8, 24, 84) 494

(8, 28, 28) 495

(8, 30, 120) 496

(8, 36, 36) 497

(8, 42, 42) 498

(8, 44, 88) 499

(8, 56, 56) 500

(8, 60, 120) 501

(8, 112, 112) 502

(8, 144, 144) 503

(9, 9, 20) 504

(9, 9, 24) 505

(9, 9, 30) 506

(9, 9, 72) 507

(9, 14, 18) 508

(9, 14, 42) 509

(9, 18, 27) 510

(9, 18, 42) 511

(9, 36, 108) 512

(9, 40, 40) 513

(9, 48, 48) 514

(9, 60, 60) 515

(9, 180, 180) 516

(10, 10, 19) 517

(10, 10, 22) 518

(10, 10, 33) 519

(10, 10, 50) 520

(10, 10, 55) 521

(10, 10, 75) 522

(10, 11, 30) 523

(10, 12, 15) 524

(10, 12, 24) 525

(10, 15, 20) 526

(10, 21, 21) 527

(10, 22, 22) 528

(10, 25, 25) 529

(10, 25, 30) 530

(10, 28, 28) 531

(10, 35, 35) 532

(10, 36, 36) 533

(10, 42, 42) 534

(10, 45, 45) 535

(10, 50, 50) 536

(10, 70, 70) 537

(10, 90, 90) 538

(10, 140, 140) 539

(10, 180, 180) 540

(11, 11, 77) 541

(11, 12, 22) 542

(11, 15, 15) 543

(11, 20, 20) 544

(11, 22, 110) 545

(11, 55, 55) 546

(12, 12, 23) 547

(12, 12, 26) 548

(12, 12, 28) 549

(12, 12, 35) 550

(12, 12, 39) 551

(12, 12, 45) 552

(12, 12, 72) 553

(12, 12, 78) 554

(12, 12, 90) 555

(12, 16, 24) 556

(12, 20, 60) 557

(12, 21, 21) 558

(12, 22, 44) 559

(12, 24, 120) 560

(12, 27, 36) 561

(12, 28, 28) 562

(12, 42, 42) 563

(12, 56, 56) 564

(12, 84, 84) 565

(12, 168, 168) 566

(13, 13, 65) 567

(13, 14, 14) 568

(13, 30, 30) 569

(13, 104, 104) 570

(14, 14, 49) 571

(14, 15, 15) 572

(14, 16, 16) 573

(14, 20, 20) 574

(14, 24, 24) 575

(14, 30, 30) 576

(14, 35, 35) 577

(14, 70, 70) 578

(14, 112, 112) 579

(14, 140, 140) 580

(14, 168, 168) 581

(15, 15, 21) 582

(15, 15, 25) 583

(15, 15, 35) 584

(15, 15, 90) 585

(15, 21, 21) 586

(15, 24, 40) 587

(15, 26, 26) 588

(15, 28, 28) 589

(15, 30, 60) 590

(15, 35, 35) 591

(15, 42, 42) 592

(15, 70, 70) 593

(15, 105, 105) 594

(15, 210, 210) 595

(16, 16, 18) 596

(16, 16, 21) 597

(16, 16, 28) 598

(16, 16, 56) 599

(16, 16, 72) 600

(18, 18, 20) 601

(18, 18, 24) 602

(18, 18, 30) 603

(18, 18, 90) 604

(18, 20, 20) 605

(18, 21, 42) 606

(18, 42, 63) 607

(18, 48, 144) 608

(18, 60, 60) 609

(18, 90, 90) 610

(18, 144, 144) 611

(18, 180, 180) 612

(19, 57, 57) 613

(20, 20, 21) 614

(20, 20, 25) 615

(20, 20, 35) 616

(20, 20, 45) 617

(20, 20, 70) 618

(20, 20, 90) 619

(20, 24, 40) 620

(20, 24, 120) 621

(21, 21, 28) 622

(21, 21, 35) 623

(21, 21, 84) 624

(21, 21, 105) 625

(21, 24, 24) 626

(21, 30, 30) 627

(21, 35, 35) 628

(21, 42, 126) 629

(21, 70, 70) 630

(21, 105, 105) 631

(21, 210, 210) 632

(22, 66, 66) 633

(23, 46, 138) 634

(23, 138, 138) 635

(24, 24, 28) 636

(24, 24, 42) 637

(24, 24, 84) 638

(24, 30, 120) 639

(24, 40, 60) 640

(24, 144, 144) 641

(25, 50, 150) 642

(25, 75, 75) 643

(26, 26, 52) 644

(26, 39, 39) 645

(26, 156, 156) 646

(27, 36, 108) 647

(28, 28, 35) 648

(28, 28, 56) 649

(28, 28, 70) 650

(28, 28, 84) 651

(28, 168, 168) 652

(29, 29, 58) 653

(30, 30, 35) 654

(30, 30, 105) 655

(30, 36, 36) 656

(30, 180, 180) 657

(33, 44, 44) 658

(35, 35, 70) 659

(35, 35, 105) 660

(35, 42, 42) 661

(35, 210, 210) 662

(36, 36, 45) 663

(36, 36, 72) 664

(36, 36, 90) 665

(37, 148, 148) 666

(38, 152, 152) 667

(42, 42, 105) 668

(45, 45, 90) 669

(46, 46, 69) 670

(47, 94, 94) 671

(48, 48, 72) 672

(52, 52, 78) 673

(52, 104, 104) 674

(54, 216, 216) 675

(56, 56, 84) 676

(56, 112, 112) 677

(60, 60, 90) 678

(65, 130, 130) 679

(70, 70, 105) 680

(70, 140, 140) 681

(71, 71, 71) 682

(72, 144, 144) 683

(73, 73, 73) 684

(74, 74, 74) 685

(76, 76, 76) 686

(78, 156, 156) 687

(84, 168, 168) 688

(90, 180, 180) 689

(91, 91, 91) 690

(95, 95, 95) 691

(105, 210, 210) 692

(108, 108, 108) 693

(110, 110, 110) 694

(111, 111, 111) 695

(114, 114, 114) 696

(117, 117, 117) 697

(126, 126, 126) 698

(135, 135, 135) 699

number of noncompact  12 -arithmetic triples:  92
(2, 35, oo)

(2, 39, oo)

(2, 45, oo)

(2, 52, oo)

(2, 56, oo)

(2, 70, oo)

(2, 72, oo)

(2, 78, oo)

(2, 84, oo)

(2, 90, oo)

(3, 26, oo)

(3, 28, oo)

(3, 35, oo)

(3, 36, oo)

(3, 39, oo)

(3, 42, oo)

(3, 45, oo)

(4, 13, oo)

(4, 21, oo)

(4, 26, oo)

(4, 42, oo)

(4, 52, oo)

(4, 84, oo)

(5, 13, oo)

(5, 14, oo)

(5, 18, oo)

(5, 21, oo)

(5, 35, oo)

(5, 45, oo)

(6, 13, oo)

(6, 21, oo)

(6, 26, oo)

(6, 28, oo)

(6, 36, oo)

(6, 78, oo)

(6, 90, oo)

(7, 8, oo)

(7, 10, oo)

(7, 12, oo)

(7, 15, oo)

(7, 28, oo)

(7, 35, oo)

(7, 42, oo)

(8, 9, oo)

(8, 14, oo)

(8, 18, oo)

(8, 56, oo)

(8, 72, oo)

(9, 10, oo)

(9, 12, oo)

(9, 15, oo)

(9, 36, oo)

(9, 45, oo)

(10, 14, oo)

(10, 18, oo)

(10, 70, oo)

(10, 90, oo)

(12, 14, oo)

(12, 18, oo)

(12, 28, oo)

(12, 84, oo)

(13, 26, oo)

(13, 39, oo)

(14, 21, oo)

(14, 28, oo)

(14, 70, oo)

(15, 45, oo)

(18, 30, oo)

(18, 36, oo)

(18, 90, oo)

(21, 42, oo)

(24, 72, oo)

(26, oo, oo)

(26, 78, oo)

(28, oo, oo)

(28, 84, oo)

(30, 90, oo)

(35, oo, oo)

(35, 35, oo)

(36, oo, oo)

(39, oo, oo)

(39, 39, oo)

(42, oo, oo)

(45, oo, oo)

(45, 45, oo)

(52, 52, oo)

(56, 56, oo)

(70, 70, oo)

(72, 72, oo)

(78, 78, oo)

(84, 84, oo)

(90, 90, oo)

number of compact  13 -arithmetic triples:  87
(2, 3, 79) 1

(2, 3, 83) 2

(2, 3, 158) 3

(2, 4, 53) 4

(2, 4, 106) 5

(2, 4, 162) 6

(2, 5, 64) 7

(2, 5, 170) 8

(2, 6, 41) 9

(2, 6, 75) 10

(2, 7, 23) 11

(2, 7, 50) 12

(2, 8, 29) 13

(2, 9, 19) 14

(2, 9, 34) 15

(2, 9, 38) 16

(2, 9, 81) 17

(2, 9, 162) 18

(2, 10, 23) 19

(2, 14, 17) 20

(2, 16, 26) 21

(2, 18, 32) 22

(2, 18, 144) 23

(2, 27, 81) 24

(2, 27, 162) 25

(2, 53, 53) 26

(2, 79, 158) 27

(2, 106, 106) 28

(2, 162, 162) 29

(3, 3, 79) 30

(3, 3, 123) 31

(3, 6, 50) 32

(3, 10, 150) 33

(3, 14, 98) 34

(3, 15, 75) 35

(3, 18, 72) 36

(3, 18, 162) 37

(3, 30, 50) 38

(3, 36, 72) 39

(3, 41, 41) 40

(3, 75, 75) 41

(4, 4, 53) 42

(4, 4, 81) 43

(4, 12, 54) 44

(4, 29, 29) 45

(4, 38, 76) 46

(4, 54, 108) 47

(5, 5, 32) 48

(5, 5, 85) 49

(5, 23, 23) 50

(5, 26, 130) 51

(6, 10, 75) 52

(6, 12, 48) 53

(6, 12, 108) 54

(6, 15, 50) 55

(6, 24, 48) 56

(6, 30, 75) 57

(6, 51, 102) 58

(7, 7, 25) 59

(7, 14, 98) 60

(7, 17, 17) 61

(8, 26, 26) 62

(9, 9, 17) 63

(9, 9, 19) 64

(9, 9, 81) 65

(9, 32, 32) 66

(9, 144, 144) 67

(10, 20, 40) 68

(10, 30, 75) 69

(12, 36, 54) 70

(12, 54, 108) 71

(13, 16, 16) 72

(14, 21, 126) 73

(15, 30, 50) 74

(15, 30, 150) 75

(15, 50, 150) 76

(16, 18, 18) 77

(16, 20, 80) 78

(18, 18, 72) 79

(27, 27, 81) 80

(30, 75, 150) 81

(32, 48, 96) 82

(34, 51, 102) 83

(53, 106, 106) 84

(79, 79, 79) 85

(81, 162, 162) 86

(123, 123, 123) 87

number of noncompact  13 -arithmetic triples:  0
number of compact  14 -arithmetic triples:  666
(2, 3, 89) 1

(2, 3, 123) 2

(2, 3, 129) 3

(2, 3, 147) 4

(2, 3, 164) 5

(2, 3, 166) 6

(2, 3, 172) 7

(2, 3, 176) 8

(2, 3, 184) 9

(2, 3, 196) 10

(2, 3, 200) 11

(2, 3, 230) 12

(2, 3, 264) 13

(2, 3, 276) 14

(2, 3, 300) 15

(2, 3, 294) 16

(2, 3, 330) 17

(2, 4, 59) 18

(2, 4, 81) 19

(2, 4, 87) 20

(2, 4, 99) 21

(2, 4, 116) 22

(2, 4, 154) 23

(2, 4, 174) 24

(2, 4, 186) 25

(2, 5, 37) 26

(2, 5, 51) 27

(2, 5, 63) 28

(2, 5, 76) 29

(2, 5, 85) 30

(2, 5, 95) 31

(2, 5, 108) 32

(2, 5, 114) 33

(2, 5, 126) 34

(2, 5, 135) 35

(2, 5, 190) 36

(2, 5, 240) 37

(2, 6, 43) 38

(2, 6, 49) 39

(2, 6, 55) 40

(2, 6, 82) 41

(2, 6, 86) 42

(2, 6, 88) 43

(2, 6, 92) 44

(2, 6, 98) 45

(2, 6, 100) 46

(2, 6, 132) 47

(2, 6, 138) 48

(2, 6, 150) 49

(2, 7, 33) 50

(2, 7, 44) 51

(2, 7, 77) 52

(2, 7, 78) 53

(2, 8, 31) 54

(2, 8, 35) 55

(2, 8, 112) 56

(2, 9, 25) 57

(2, 9, 33) 58

(2, 9, 44) 59

(2, 9, 66) 60

(2, 9, 198) 61

(2, 10, 39) 62

(2, 10, 46) 63

(2, 10, 52) 64

(2, 10, 56) 65

(2, 10, 72) 66

(2, 10, 78) 67

(2, 10, 84) 68

(2, 10, 105) 69

(2, 10, 130) 70

(2, 10, 140) 71

(2, 10, 180) 72

(2, 10, 210) 73

(2, 11, 21) 74

(2, 11, 28) 75

(2, 11, 36) 76

(2, 11, 42) 77

(2, 11, 99) 78

(2, 11, 198) 79

(2, 12, 29) 80

(2, 12, 31) 81

(2, 12, 58) 82

(2, 14, 32) 83

(2, 14, 34) 84

(2, 14, 40) 85

(2, 14, 48) 86

(2, 14, 60) 87

(2, 14, 112) 88

(2, 14, 140) 89

(2, 14, 168) 90

(2, 14, 210) 91

(2, 15, 26) 92

(2, 15, 36) 93

(2, 15, 210) 94

(2, 16, 72) 95

(2, 16, 192) 96

(2, 17, 20) 97

(2, 17, 24) 98

(2, 17, 30) 99

(2, 17, 136) 100

(2, 18, 19) 101

(2, 18, 34) 102

(2, 18, 38) 103

(2, 18, 81) 104

(2, 18, 162) 105

(2, 18, 198) 106

(2, 20, 26) 107

(2, 20, 160) 108

(2, 24, 26) 109

(2, 24, 64) 110

(2, 26, 65) 111

(2, 26, 130) 112

(2, 26, 156) 113

(2, 29, 87) 114

(2, 29, 174) 115

(2, 30, 32) 116

(2, 30, 48) 117

(2, 30, 80) 118

(2, 31, 93) 119

(2, 31, 124) 120

(2, 31, 186) 121

(2, 32, 128) 122

(2, 33, 198) 123

(2, 36, 45) 124

(2, 40, 48) 125

(2, 46, 69) 126

(2, 48, 64) 127

(2, 48, 72) 128

(2, 51, 68) 129

(2, 52, 78) 130

(2, 54, 162) 131

(2, 56, 84) 132

(2, 58, 174) 133

(2, 59, 59) 134

(2, 60, 80) 135

(2, 60, 90) 136

(2, 66, 198) 137

(2, 70, 105) 138

(2, 81, 81) 139

(2, 82, 164) 140

(2, 83, 166) 141

(2, 86, 172) 142

(2, 87, 87) 143

(2, 88, 176) 144

(2, 92, 184) 145

(2, 98, 196) 146

(2, 99, 99) 147

(2, 100, 200) 148

(2, 116, 116) 149

(2, 154, 154) 150

(2, 174, 174) 151

(2, 186, 186) 152

(3, 3, 82) 153

(3, 3, 83) 154

(3, 3, 86) 155

(3, 3, 88) 156

(3, 3, 92) 157

(3, 3, 98) 158

(3, 3, 100) 159

(3, 3, 115) 160

(3, 3, 129) 161

(3, 3, 132) 162

(3, 3, 138) 163

(3, 3, 147) 164

(3, 3, 150) 165

(3, 3, 165) 166

(3, 4, 29) 167

(3, 4, 31) 168

(3, 4, 58) 169

(3, 4, 116) 170

(3, 4, 124) 171

(3, 5, 31) 172

(3, 5, 32) 173

(3, 5, 48) 174

(3, 5, 51) 175

(3, 5, 80) 176

(3, 5, 120) 177

(3, 6, 23) 178

(3, 6, 25) 179

(3, 6, 33) 180

(3, 6, 44) 181

(3, 6, 138) 182

(3, 6, 150) 183

(3, 7, 77) 184

(3, 8, 21) 185

(3, 8, 26) 186

(3, 8, 28) 187

(3, 8, 36) 188

(3, 9, 16) 189

(3, 9, 20) 190

(3, 9, 24) 191

(3, 9, 72) 192

(3, 10, 13) 193

(3, 10, 21) 194

(3, 10, 26) 195

(3, 10, 28) 196

(3, 10, 35) 197

(3, 10, 42) 198

(3, 10, 130) 199

(3, 10, 210) 200

(3, 11, 13) 201

(3, 11, 99) 202

(3, 12, 13) 203

(3, 12, 26) 204

(3, 12, 52) 205

(3, 12, 72) 206

(3, 12, 156) 207

(3, 12, 180) 208

(3, 13, 65) 209

(3, 14, 15) 210

(3, 14, 16) 211

(3, 14, 20) 212

(3, 14, 24) 213

(3, 14, 30) 214

(3, 14, 35) 215

(3, 14, 56) 216

(3, 14, 84) 217

(3, 14, 210) 218

(3, 15, 18) 219

(3, 15, 25) 220

(3, 15, 90) 221

(3, 15, 105) 222

(3, 16, 112) 223

(3, 16, 144) 224

(3, 18, 20) 225

(3, 18, 24) 226

(3, 18, 45) 227

(3, 20, 28) 228

(3, 20, 140) 229

(3, 20, 180) 230

(3, 21, 84) 231

(3, 21, 105) 232

(3, 24, 56) 233

(3, 24, 168) 234

(3, 26, 52) 235

(3, 28, 56) 236

(3, 28, 140) 237

(3, 29, 58) 238

(3, 30, 70) 239

(3, 32, 48) 240

(3, 36, 180) 241

(3, 39, 78) 242

(3, 40, 60) 243

(3, 41, 123) 244

(3, 42, 210) 245

(3, 43, 43) 246

(3, 43, 129) 247

(3, 45, 90) 248

(3, 49, 49) 249

(3, 49, 147) 250

(3, 55, 55) 251

(3, 82, 82) 252

(3, 86, 86) 253

(3, 88, 88) 254

(3, 92, 92) 255

(3, 98, 98) 256

(3, 100, 100) 257

(3, 132, 132) 258

(3, 138, 138) 259

(3, 150, 150) 260

(4, 4, 58) 261

(4, 4, 77) 262

(4, 4, 87) 263

(4, 4, 93) 264

(4, 5, 21) 265

(4, 5, 26) 266

(4, 5, 35) 267

(4, 5, 42) 268

(4, 5, 90) 269

(4, 5, 180) 270

(4, 6, 23) 271

(4, 6, 25) 272

(4, 6, 33) 273

(4, 6, 44) 274

(4, 6, 46) 275

(4, 6, 50) 276

(4, 6, 66) 277

(4, 6, 132) 278

(4, 7, 15) 279

(4, 7, 16) 280

(4, 7, 24) 281

(4, 7, 30) 282

(4, 7, 35) 283

(4, 7, 56) 284

(4, 7, 70) 285

(4, 7, 140) 286

(4, 8, 13) 287

(4, 8, 36) 288

(4, 9, 16) 289

(4, 9, 24) 290

(4, 9, 30) 291

(4, 9, 45) 292

(4, 9, 60) 293

(4, 9, 72) 294

(4, 9, 90) 295

(4, 9, 180) 296

(4, 10, 13) 297

(4, 10, 22) 298

(4, 10, 35) 299

(4, 10, 90) 300

(4, 10, 180) 301

(4, 11, 20) 302

(4, 11, 66) 303

(4, 11, 132) 304

(4, 12, 22) 305

(4, 12, 23) 306

(4, 12, 25) 307

(4, 12, 33) 308

(4, 12, 84) 309

(4, 12, 90) 310

(4, 13, 78) 311

(4, 14, 16) 312

(4, 14, 24) 313

(4, 14, 56) 314

(4, 14, 70) 315

(4, 14, 140) 316

(4, 18, 24) 317

(4, 18, 30) 318

(4, 18, 72) 319

(4, 18, 180) 320

(4, 20, 50) 321

(4, 20, 90) 322

(4, 22, 33) 323

(4, 23, 46) 324

(4, 23, 92) 325

(4, 24, 36) 326

(4, 24, 168) 327

(4, 25, 50) 328

(4, 26, 39) 329

(4, 26, 78) 330

(4, 30, 36) 331

(4, 30, 90) 332

(4, 31, 31) 333

(4, 33, 66) 334

(4, 35, 35) 335

(4, 39, 52) 336

(4, 39, 156) 337

(4, 45, 180) 338

(4, 52, 78) 339

(4, 56, 168) 340

(4, 60, 90) 341

(4, 66, 132) 342

(4, 112, 112) 343

(5, 5, 38) 344

(5, 5, 54) 345

(5, 5, 57) 346

(5, 5, 63) 347

(5, 5, 95) 348

(5, 5, 120) 349

(5, 6, 22) 350

(5, 6, 50) 351

(5, 7, 11) 352

(5, 7, 12) 353

(5, 7, 20) 354

(5, 7, 30) 355

(5, 7, 105) 356

(5, 8, 9) 357

(5, 8, 18) 358

(5, 9, 12) 359

(5, 9, 36) 360

(5, 10, 13) 361

(5, 10, 26) 362

(5, 10, 28) 363

(5, 10, 35) 364

(5, 10, 36) 365

(5, 10, 42) 366

(5, 10, 130) 367

(5, 10, 210) 368

(5, 12, 18) 369

(5, 12, 28) 370

(5, 12, 84) 371

(5, 13, 26) 372

(5, 14, 15) 373

(5, 14, 28) 374

(5, 14, 30) 375

(5, 15, 35) 376

(5, 15, 90) 377

(5, 15, 105) 378

(5, 18, 20) 379

(5, 18, 36) 380

(5, 18, 45) 381

(5, 20, 36) 382

(5, 21, 35) 383

(5, 24, 72) 384

(5, 28, 84) 385

(5, 30, 45) 386

(5, 30, 70) 387

(5, 35, 70) 388

(5, 35, 105) 389

(5, 39, 39) 390

(5, 46, 46) 391

(5, 52, 52) 392

(5, 56, 56) 393

(5, 72, 72) 394

(5, 78, 78) 395

(5, 84, 84) 396

(5, 105, 105) 397

(5, 130, 130) 398

(5, 140, 140) 399

(5, 180, 180) 400

(5, 210, 210) 401

(6, 6, 41) 402

(6, 6, 43) 403

(6, 6, 44) 404

(6, 6, 46) 405

(6, 6, 49) 406

(6, 6, 50) 407

(6, 6, 66) 408

(6, 6, 69) 409

(6, 6, 75) 410

(6, 8, 11) 411

(6, 8, 22) 412

(6, 9, 27) 413

(6, 10, 11) 414

(6, 10, 22) 415

(6, 10, 50) 416

(6, 11, 12) 417

(6, 11, 30) 418

(6, 11, 33) 419

(6, 11, 44) 420

(6, 14, 18) 421

(6, 15, 20) 422

(6, 15, 150) 423

(6, 18, 21) 424

(6, 18, 54) 425

(6, 19, 38) 426

(6, 20, 36) 427

(6, 20, 40) 428

(6, 22, 44) 429

(6, 22, 66) 430

(6, 25, 30) 431

(6, 29, 29) 432

(6, 31, 31) 433

(6, 40, 120) 434

(6, 44, 132) 435

(6, 57, 114) 436

(6, 58, 58) 437

(6, 63, 126) 438

(7, 7, 22) 439

(7, 7, 39) 440

(7, 8, 21) 441

(7, 8, 28) 442

(7, 8, 42) 443

(7, 10, 21) 444

(7, 10, 210) 445

(7, 12, 20) 446

(7, 12, 60) 447

(7, 14, 30) 448

(7, 14, 210) 449

(7, 15, 21) 450

(7, 16, 48) 451

(7, 20, 60) 452

(7, 20, 140) 453

(7, 21, 28) 454

(7, 21, 35) 455

(7, 21, 84) 456

(7, 24, 168) 457

(7, 28, 42) 458

(7, 30, 70) 459

(7, 32, 32) 460

(7, 34, 34) 461

(7, 40, 40) 462

(7, 42, 70) 463

(7, 42, 84) 464

(7, 48, 48) 465

(7, 56, 168) 466

(7, 60, 60) 467

(7, 112, 112) 468

(7, 140, 140) 469

(7, 168, 168) 470

(7, 210, 210) 471

(8, 8, 56) 472

(8, 9, 16) 473

(8, 9, 36) 474

(8, 9, 40) 475

(8, 11, 88) 476

(8, 13, 24) 477

(8, 14, 168) 478

(8, 16, 112) 479

(8, 22, 88) 480

(8, 24, 28) 481

(8, 26, 104) 482

(8, 52, 104) 483

(8, 72, 72) 484

(8, 192, 192) 485

(9, 9, 22) 486

(9, 9, 33) 487

(9, 9, 99) 488

(9, 16, 18) 489

(9, 16, 144) 490

(9, 19, 19) 491

(9, 20, 180) 492

(9, 21, 63) 493

(9, 30, 45) 494

(9, 34, 34) 495

(9, 36, 60) 496

(9, 38, 38) 497

(9, 42, 126) 498

(9, 81, 81) 499

(9, 162, 162) 500

(9, 198, 198) 501

(10, 10, 23) 502

(10, 10, 26) 503

(10, 10, 28) 504

(10, 10, 36) 505

(10, 10, 39) 506

(10, 10, 42) 507

(10, 10, 65) 508

(10, 10, 70) 509

(10, 10, 90) 510

(10, 10, 105) 511

(10, 11, 22) 512

(10, 15, 70) 513

(10, 17, 17) 514

(10, 20, 100) 515

(10, 22, 55) 516

(10, 25, 150) 517

(10, 26, 26) 518

(10, 35, 42) 519

(10, 50, 75) 520

(10, 55, 110) 521

(10, 160, 160) 522

(11, 11, 14) 523

(11, 11, 18) 524

(11, 11, 21) 525

(11, 11, 99) 526

(11, 12, 44) 527

(11, 12, 132) 528

(11, 22, 33) 529

(11, 22, 44) 530

(11, 33, 66) 531

(11, 44, 132) 532

(12, 12, 29) 533

(12, 16, 144) 534

(12, 17, 17) 535

(12, 22, 132) 536

(12, 26, 26) 537

(12, 27, 108) 538

(12, 30, 36) 539

(12, 33, 132) 540

(12, 44, 66) 541

(12, 64, 64) 542

(12, 66, 132) 543

(13, 15, 15) 544

(13, 20, 20) 545

(13, 24, 24) 546

(13, 26, 130) 547

(13, 65, 65) 548

(13, 130, 130) 549

(13, 156, 156) 550

(14, 14, 16) 551

(14, 14, 17) 552

(14, 14, 20) 553

(14, 14, 24) 554

(14, 14, 30) 555

(14, 14, 56) 556

(14, 14, 70) 557

(14, 14, 84) 558

(14, 14, 105) 559

(14, 18, 21) 560

(14, 24, 168) 561

(14, 35, 42) 562

(14, 42, 84) 563

(14, 63, 126) 564

(15, 15, 18) 565

(15, 15, 105) 566

(15, 17, 17) 567

(15, 18, 45) 568

(15, 20, 180) 569

(15, 30, 42) 570

(15, 30, 70) 571

(15, 32, 32) 572

(15, 36, 60) 573

(15, 42, 210) 574

(15, 48, 48) 575

(15, 80, 80) 576

(16, 16, 36) 577

(16, 16, 96) 578

(16, 30, 30) 579

(16, 48, 72) 580

(16, 128, 128) 581

(17, 17, 68) 582

(17, 18, 18) 583

(18, 18, 19) 584

(18, 18, 81) 585

(18, 18, 99) 586

(18, 36, 60) 587

(18, 45, 45) 588

(18, 60, 180) 589

(20, 20, 80) 590

(20, 30, 36) 591

(20, 48, 48) 592

(20, 50, 100) 593

(20, 60, 90) 594

(21, 30, 210) 595

(21, 42, 70) 596

(21, 56, 168) 597

(22, 44, 132) 598

(22, 55, 110) 599

(23, 69, 69) 600

(24, 24, 32) 601

(24, 30, 30) 602

(24, 40, 40) 603

(24, 48, 144) 604

(24, 64, 64) 605

(24, 72, 72) 606

(24, 84, 168) 607

(25, 30, 150) 608

(26, 26, 65) 609

(26, 26, 78) 610

(26, 52, 156) 611

(26, 78, 78) 612

(27, 162, 162) 613

(28, 56, 168) 614

(28, 84, 84) 615

(29, 29, 87) 616

(29, 174, 174) 617

(30, 30, 40) 618

(30, 30, 120) 619

(30, 60, 180) 620

(30, 80, 80) 621

(30, 90, 90) 622

(31, 31, 62) 623

(31, 31, 93) 624

(32, 32, 64) 625

(32, 48, 48) 626

(33, 33, 99) 627

(33, 44, 132) 628

(33, 198, 198) 629

(34, 51, 51) 630

(35, 70, 210) 631

(35, 105, 105) 632

(36, 48, 48) 633

(39, 52, 52) 634

(40, 60, 60) 635

(40, 60, 120) 636

(41, 164, 164) 637

(42, 56, 56) 638

(42, 63, 126) 639

(43, 172, 172) 640

(44, 176, 176) 641

(45, 60, 60) 642

(46, 184, 184) 643

(49, 196, 196) 644

(50, 200, 200) 645

(54, 54, 81) 646

(58, 58, 87) 647

(58, 116, 116) 648

(66, 66, 99) 649

(77, 154, 154) 650

(82, 82, 82) 651

(83, 83, 83) 652

(86, 86, 86) 653

(87, 174, 174) 654

(88, 88, 88) 655

(92, 92, 92) 656

(93, 186, 186) 657

(98, 98, 98) 658

(100, 100, 100) 659

(115, 115, 115) 660

(129, 129, 129) 661

(132, 132, 132) 662

(138, 138, 138) 663

(147, 147, 147) 664

(150, 150, 150) 665

(165, 165, 165) 666

number of noncompact  14 -arithmetic triples:  6
(2, 29, oo)

(2, 58, oo)

(3, 29, oo)

(29, oo, oo)

(29, 29, oo)

(58, 58, oo)

number of compact  15 -arithmetic triples:  86
(2, 3, 178) 1

(2, 4, 61) 2

(2, 4, 118) 3

(2, 4, 122) 4

(2, 4, 124) 5

(2, 5, 74) 6

(2, 5, 270) 7

(2, 6, 47) 8

(2, 6, 69) 9

(2, 7, 46) 10

(2, 8, 58) 11

(2, 9, 23) 12

(2, 9, 50) 13

(2, 10, 65) 14

(2, 11, 26) 15

(2, 12, 192) 16

(2, 13, 22) 17

(2, 13, 182) 18

(2, 14, 19) 19

(2, 14, 27) 20

(2, 18, 25) 21

(2, 18, 99) 22

(2, 24, 192) 23

(2, 40, 160) 24

(2, 48, 192) 25

(2, 61, 61) 26

(2, 89, 178) 27

(2, 118, 118) 28

(2, 122, 122) 29

(2, 124, 124) 30

(3, 3, 89) 31

(3, 3, 141) 32

(3, 6, 46) 33

(3, 7, 27) 34

(3, 9, 19) 35

(3, 9, 81) 36

(3, 47, 47) 37

(3, 69, 69) 38

(4, 4, 59) 39

(4, 4, 61) 40

(4, 4, 62) 41

(4, 46, 92) 42

(4, 58, 58) 43

(5, 5, 37) 44

(5, 5, 135) 45

(5, 65, 65) 46

(6, 14, 63) 47

(6, 21, 126) 48

(6, 46, 69) 49

(6, 192, 192) 50

(7, 7, 23) 51

(7, 19, 19) 52

(7, 27, 27) 53

(8, 8, 29) 54

(9, 9, 25) 55

(9, 18, 24) 56

(9, 18, 162) 57

(9, 25, 25) 58

(9, 36, 72) 59

(9, 48, 144) 60

(9, 99, 99) 61

(10, 15, 150) 62

(10, 26, 65) 63

(11, 11, 13) 64

(11, 13, 13) 65

(12, 12, 96) 66

(12, 36, 72) 67

(12, 192, 192) 68

(13, 13, 91) 69

(14, 18, 63) 70

(14, 49, 98) 71

(18, 21, 126) 72

(18, 24, 36) 73

(20, 160, 160) 74

(24, 24, 96) 75

(24, 192, 192) 76

(27, 54, 162) 77

(30, 50, 75) 78

(36, 54, 108) 79

(40, 40, 80) 80

(48, 48, 96) 81

(59, 118, 118) 82

(61, 122, 122) 83

(62, 124, 124) 84

(89, 89, 89) 85

(141, 141, 141) 86

number of noncompact  15 -arithmetic triples:  8
(2, 31, oo)

(2, 62, oo)

(3, 31, oo)

(7, 11, oo)

(9, 11, oo)

(31, oo, oo)

(31, 31, oo)

(62, 62, oo)

