number of compact  1 -arithmetic triples:  76
(2, 3, 7) 1

(2, 3, 8) 2

(2, 3, 9) 3

(2, 3, 10) 4

(2, 3, 11) 5

(2, 3, 12) 6

(2, 3, 14) 7

(2, 3, 16) 8

(2, 3, 18) 9

(2, 3, 24) 10

(2, 3, 30) 11

(2, 4, 5) 12

(2, 4, 6) 13

(2, 4, 7) 14

(2, 4, 8) 15

(2, 4, 10) 16

(2, 4, 12) 17

(2, 4, 18) 18

(2, 5, 5) 19

(2, 5, 6) 20

(2, 5, 8) 21

(2, 5, 10) 22

(2, 5, 20) 23

(2, 5, 30) 24

(2, 6, 6) 25

(2, 6, 8) 26

(2, 6, 12) 27

(2, 7, 7) 28

(2, 7, 14) 29

(2, 8, 8) 30

(2, 8, 16) 31

(2, 9, 18) 32

(2, 10, 10) 33

(2, 12, 12) 34

(2, 12, 24) 35

(2, 15, 30) 36

(2, 18, 18) 37

(3, 3, 4) 38

(3, 3, 5) 39

(3, 3, 6) 40

(3, 3, 7) 41

(3, 3, 8) 42

(3, 3, 9) 43

(3, 3, 12) 44

(3, 3, 15) 45

(3, 4, 4) 46

(3, 4, 6) 47

(3, 4, 12) 48

(3, 5, 5) 49

(3, 6, 6) 50

(3, 6, 18) 51

(3, 8, 8) 52

(3, 8, 24) 53

(3, 10, 30) 54

(3, 12, 12) 55

(4, 4, 4) 56

(4, 4, 5) 57

(4, 4, 6) 58

(4, 4, 9) 59

(4, 5, 5) 60

(4, 6, 6) 61

(4, 8, 8) 62

(4, 16, 16) 63

(5, 5, 5) 64

(5, 5, 10) 65

(5, 5, 15) 66

(5, 10, 10) 67

(6, 6, 6) 68

(6, 12, 12) 69

(6, 24, 24) 70

(7, 7, 7) 71

(8, 8, 8) 72

(9, 9, 9) 73

(9, 18, 18) 74

(12, 12, 12) 75

(15, 15, 15) 76

number of noncompact  1 -arithmetic triples:  9
(oo, oo, oo)

(2, oo, oo)

(2, 3, oo)

(2, 4, oo)

(2, 6, oo)

(3, oo, oo)

(3, 3, oo)

(4, 4, oo)

(6, 6, oo)

number of compact  2 -arithmetic triples:  148
(2, 3, 13) 1

(2, 3, 15) 2

(2, 3, 17) 3

(2, 3, 20) 4

(2, 3, 21) 5

(2, 3, 22) 6

(2, 3, 26) 7

(2, 3, 28) 8

(2, 3, 36) 9

(2, 3, 40) 10

(2, 3, 42) 11

(2, 3, 60) 12

(2, 4, 9) 13

(2, 4, 11) 14

(2, 4, 14) 15

(2, 4, 15) 16

(2, 4, 16) 17

(2, 4, 20) 18

(2, 4, 24) 19

(2, 4, 30) 20

(2, 4, 42) 21

(2, 5, 7) 22

(2, 5, 9) 23

(2, 5, 12) 24

(2, 5, 15) 25

(2, 5, 60) 26

(2, 6, 7) 27

(2, 6, 9) 28

(2, 6, 10) 29

(2, 6, 14) 30

(2, 6, 18) 31

(2, 6, 20) 32

(2, 6, 30) 33

(2, 7, 8) 34

(2, 7, 12) 35

(2, 7, 21) 36

(2, 7, 28) 37

(2, 8, 12) 38

(2, 8, 24) 39

(2, 9, 9) 40

(2, 9, 12) 41

(2, 9, 36) 42

(2, 10, 12) 43

(2, 10, 20) 44

(2, 10, 30) 45

(2, 11, 11) 46

(2, 11, 22) 47

(2, 13, 26) 48

(2, 14, 14) 49

(2, 14, 28) 50

(2, 15, 15) 51

(2, 16, 16) 52

(2, 18, 36) 53

(2, 20, 20) 54

(2, 20, 40) 55

(2, 21, 42) 56

(2, 24, 24) 57

(2, 30, 30) 58

(2, 30, 60) 59

(2, 42, 42) 60

(3, 3, 10) 61

(3, 3, 11) 62

(3, 3, 13) 63

(3, 3, 14) 64

(3, 3, 18) 65

(3, 3, 20) 66

(3, 3, 21) 67

(3, 3, 30) 68

(3, 4, 5) 69

(3, 4, 7) 70

(3, 4, 8) 71

(3, 4, 9) 72

(3, 4, 10) 73

(3, 4, 20) 74

(3, 4, 28) 75

(3, 4, 36) 76

(3, 5, 6) 77

(3, 5, 7) 78

(3, 5, 9) 79

(3, 5, 10) 80

(3, 5, 15) 81

(3, 7, 7) 82

(3, 7, 21) 83

(3, 9, 9) 84

(3, 10, 10) 85

(3, 12, 36) 86

(3, 14, 14) 87

(3, 14, 42) 88

(3, 18, 18) 89

(3, 20, 20) 90

(3, 20, 60) 91

(3, 30, 30) 92

(4, 4, 7) 93

(4, 4, 8) 94

(4, 4, 10) 95

(4, 4, 12) 96

(4, 4, 15) 97

(4, 4, 21) 98

(4, 5, 6) 99

(4, 5, 10) 100

(4, 5, 12) 101

(4, 6, 8) 102

(4, 6, 10) 103

(4, 6, 12) 104

(4, 7, 7) 105

(4, 8, 24) 106

(4, 10, 20) 107

(4, 12, 12) 108

(4, 24, 24) 109

(5, 5, 6) 110

(5, 5, 30) 111

(5, 6, 6) 112

(5, 6, 10) 113

(5, 8, 40) 114

(5, 12, 12) 115

(5, 20, 20) 116

(5, 30, 30) 117

(6, 6, 7) 118

(6, 6, 9) 119

(6, 6, 10) 120

(6, 6, 15) 121

(6, 7, 7) 122

(6, 8, 8) 123

(6, 9, 9) 124

(6, 10, 10) 125

(7, 7, 14) 126

(7, 14, 14) 127

(7, 14, 42) 128

(7, 28, 28) 129

(8, 8, 12) 130

(8, 16, 16) 131

(9, 9, 18) 132

(9, 36, 36) 133

(10, 10, 10) 134

(10, 10, 15) 135

(10, 20, 20) 136

(10, 40, 40) 137

(11, 11, 11) 138

(12, 24, 24) 139

(13, 13, 13) 140

(14, 14, 14) 141

(15, 30, 30) 142

(15, 60, 60) 143

(18, 18, 18) 144

(20, 20, 20) 145

(21, 21, 21) 146

(21, 42, 42) 147

(30, 30, 30) 148

number of noncompact  2 -arithmetic triples:  16
(2, 5, oo)

(2, 8, oo)

(2, 10, oo)

(2, 12, oo)

(3, 4, oo)

(3, 5, oo)

(3, 6, oo)

(4, oo, oo)

(4, 6, oo)

(4, 12, oo)

(5, oo, oo)

(5, 5, oo)

(6, oo, oo)

(8, 8, oo)

(10, 10, oo)

(12, 12, oo)

number of compact  3 -arithmetic triples:  111
(2, 3, 19) 1

(2, 3, 23) 2

(2, 3, 27) 3

(2, 3, 32) 4

(2, 3, 34) 5

(2, 3, 38) 6

(2, 3, 48) 7

(2, 3, 50) 8

(2, 3, 54) 9

(2, 3, 66) 10

(2, 4, 13) 11

(2, 4, 22) 12

(2, 4, 26) 13

(2, 4, 28) 14

(2, 4, 36) 15

(2, 5, 14) 16

(2, 5, 16) 17

(2, 5, 18) 18

(2, 6, 11) 19

(2, 6, 15) 20

(2, 6, 16) 21

(2, 6, 24) 22

(2, 7, 9) 23

(2, 7, 10) 24

(2, 7, 42) 25

(2, 8, 9) 26

(2, 8, 10) 27

(2, 8, 18) 28

(2, 9, 10) 29

(2, 10, 15) 30

(2, 12, 36) 31

(2, 12, 48) 32

(2, 13, 13) 33

(2, 16, 32) 34

(2, 17, 34) 35

(2, 19, 38) 36

(2, 22, 22) 37

(2, 24, 48) 38

(2, 25, 50) 39

(2, 26, 26) 40

(2, 27, 54) 41

(2, 28, 28) 42

(2, 33, 66) 43

(2, 36, 36) 44

(3, 3, 16) 45

(3, 3, 17) 46

(3, 3, 19) 47

(3, 3, 24) 48

(3, 3, 25) 49

(3, 3, 27) 50

(3, 3, 33) 51

(3, 6, 8) 52

(3, 6, 10) 53

(3, 6, 12) 54

(3, 6, 30) 55

(3, 7, 9) 56

(3, 9, 18) 57

(3, 9, 27) 58

(3, 11, 11) 59

(3, 15, 15) 60

(3, 16, 16) 61

(3, 16, 48) 62

(3, 18, 54) 63

(3, 22, 66) 64

(3, 24, 24) 65

(4, 4, 11) 66

(4, 4, 13) 67

(4, 4, 14) 68

(4, 4, 18) 69

(4, 5, 20) 70

(4, 6, 36) 71

(4, 9, 9) 72

(4, 10, 10) 73

(4, 12, 18) 74

(4, 14, 28) 75

(4, 18, 18) 76

(5, 5, 7) 77

(5, 5, 8) 78

(5, 5, 9) 79

(5, 6, 30) 80

(5, 7, 7) 81

(5, 8, 8) 82

(5, 9, 9) 83

(5, 10, 30) 84

(5, 15, 15) 85

(6, 6, 8) 86

(6, 6, 12) 87

(6, 8, 24) 88

(6, 9, 18) 89

(6, 15, 30) 90

(6, 36, 36) 91

(6, 48, 48) 92

(7, 7, 21) 93

(8, 8, 9) 94

(8, 12, 24) 95

(8, 32, 32) 96

(10, 15, 30) 97

(11, 22, 22) 98

(12, 12, 18) 99

(12, 12, 24) 100

(12, 48, 48) 101

(13, 26, 26) 102

(14, 28, 28) 103

(16, 16, 16) 104

(17, 17, 17) 105

(18, 36, 36) 106

(19, 19, 19) 107

(24, 24, 24) 108

(25, 25, 25) 109

(27, 27, 27) 110

(33, 33, 33) 111

number of noncompact  3 -arithmetic triples:  13
(2, 7, oo)

(2, 9, oo)

(2, 14, oo)

(2, 18, oo)

(3, 7, oo)

(3, 9, oo)

(6, 18, oo)

(7, oo, oo)

(7, 7, oo)

(9, oo, oo)

(9, 9, oo)

(14, 14, oo)

(18, 18, oo)

